core file size          (blocks, -c) 0
data seg size           (kbytes, -d) unlimited
scheduling priority             (-e) 0
file size               (blocks, -f) unlimited
pending signals                 (-i) 7858
max locked memory       (kbytes, -l) 82000
max memory size         (kbytes, -m) unlimited
open files                      (-n) 1048576
pipe size            (512 bytes, -p) 8
POSIX message queues     (bytes, -q) 819200
real-time priority              (-r) 0
stack size              (kbytes, -s) 8192
cpu time               (seconds, -t) unlimited
max user processes              (-u) unlimited
virtual memory          (kbytes, -v) unlimited
file locks                      (-x) unlimited
Oct 26, 2018 5:45:32 AM com.sun.jersey.api.core.PackagesResourceConfig init
INFO: Scanning for root resource and provider classes in the packages:
  org.apache.hadoop.hdfs.server.namenode.web.resources
  org.apache.hadoop.hdfs.web.resources
Oct 26, 2018 5:45:35 AM com.sun.jersey.api.core.ScanningResourceConfig logClasses
INFO: Root resource classes found:
  class org.apache.hadoop.hdfs.server.namenode.web.resources.NamenodeWebHdfsMethods
Oct 26, 2018 5:45:35 AM com.sun.jersey.api.core.ScanningResourceConfig logClasses
INFO: Provider classes found:
  class org.apache.hadoop.hdfs.web.resources.ExceptionHandler
  class org.apache.hadoop.hdfs.web.resources.UserProvider
Oct 26, 2018 5:45:36 AM com.sun.jersey.server.impl.application.WebApplicationImpl _initiate
INFO: Initiating Jersey application, version 'Jersey: 1.19 02/11/2015 03:25 AM'
Oct 26, 2018 5:45:38 AM com.sun.jersey.spi.inject.Errors processErrorMessages
WARNING: The following warnings have been detected with resource and/or provider classes:
  WARNING: A sub-resource method, public javax.ws.rs.core.Response org.apache.hadoop.hdfs.server.namenode.web.resources.NamenodeWebHdfsMethods.putRoot(org.apache.hadoop.security.UserGroupInformation,org.apache.hadoop.hdfs.web.resources.DelegationParam,org.apache.hadoop.hdfs.web.resources.UserParam,org.apache.hadoop.hdfs.web.resources.DoAsParam,org.apache.hadoop.hdfs.web.resources.PutOpParam,org.apache.hadoop.hdfs.web.resources.DestinationParam,org.apache.hadoop.hdfs.web.resources.OwnerParam,org.apache.hadoop.hdfs.web.resources.GroupParam,org.apache.hadoop.hdfs.web.resources.PermissionParam,org.apache.hadoop.hdfs.web.resources.UnmaskedPermissionParam,org.apache.hadoop.hdfs.web.resources.OverwriteParam,org.apache.hadoop.hdfs.web.resources.BufferSizeParam,org.apache.hadoop.hdfs.web.resources.ReplicationParam,org.apache.hadoop.hdfs.web.resources.BlockSizeParam,org.apache.hadoop.hdfs.web.resources.ModificationTimeParam,org.apache.hadoop.hdfs.web.resources.AccessTimeParam,org.apache.hadoop.hdfs.web.resources.RenameOptionSetParam,org.apache.hadoop.hdfs.web.resources.CreateParentParam,org.apache.hadoop.hdfs.web.resources.TokenArgumentParam,org.apache.hadoop.hdfs.web.resources.AclPermissionParam,org.apache.hadoop.hdfs.web.resources.XAttrNameParam,org.apache.hadoop.hdfs.web.resources.XAttrValueParam,org.apache.hadoop.hdfs.web.resources.XAttrSetFlagParam,org.apache.hadoop.hdfs.web.resources.SnapshotNameParam,org.apache.hadoop.hdfs.web.resources.OldSnapshotNameParam,org.apache.hadoop.hdfs.web.resources.ExcludeDatanodesParam,org.apache.hadoop.hdfs.web.resources.CreateFlagParam,org.apache.hadoop.hdfs.web.resources.NoRedirectParam,org.apache.hadoop.hdfs.web.resources.StoragePolicyParam) throws java.io.IOException,java.lang.InterruptedException, with URI template, "/", is treated as a resource method
  WARNING: A sub-resource method, public javax.ws.rs.core.Response org.apache.hadoop.hdfs.server.namenode.web.resources.NamenodeWebHdfsMethods.postRoot(org.apache.hadoop.security.UserGroupInformation,org.apache.hadoop.hdfs.web.resources.DelegationParam,org.apache.hadoop.hdfs.web.resources.UserParam,org.apache.hadoop.hdfs.web.resources.DoAsParam,org.apache.hadoop.hdfs.web.resources.PostOpParam,org.apache.hadoop.hdfs.web.resources.ConcatSourcesParam,org.apache.hadoop.hdfs.web.resources.BufferSizeParam,org.apache.hadoop.hdfs.web.resources.ExcludeDatanodesParam,org.apache.hadoop.hdfs.web.resources.NewLengthParam,org.apache.hadoop.hdfs.web.resources.NoRedirectParam) throws java.io.IOException,java.lang.InterruptedException, with URI template, "/", is treated as a resource method
  WARNING: A sub-resource method, public javax.ws.rs.core.Response org.apache.hadoop.hdfs.server.namenode.web.resources.NamenodeWebHdfsMethods.deleteRoot(org.apache.hadoop.security.UserGroupInformation,org.apache.hadoop.hdfs.web.resources.DelegationParam,org.apache.hadoop.hdfs.web.resources.UserParam,org.apache.hadoop.hdfs.web.resources.DoAsParam,org.apache.hadoop.hdfs.web.resources.DeleteOpParam,org.apache.hadoop.hdfs.web.resources.RecursiveParam,org.apache.hadoop.hdfs.web.resources.SnapshotNameParam) throws java.io.IOException,java.lang.InterruptedException, with URI template, "/", is treated as a resource method
  WARNING: A sub-resource method, public javax.ws.rs.core.Response org.apache.hadoop.hdfs.server.namenode.web.resources.NamenodeWebHdfsMethods.getRoot(org.apache.hadoop.security.UserGroupInformation,org.apache.hadoop.hdfs.web.resources.DelegationParam,org.apache.hadoop.hdfs.web.resources.UserParam,org.apache.hadoop.hdfs.web.resources.DoAsParam,org.apache.hadoop.hdfs.web.resources.GetOpParam,org.apache.hadoop.hdfs.web.resources.OffsetParam,org.apache.hadoop.hdfs.web.resources.LengthParam,org.apache.hadoop.hdfs.web.resources.RenewerParam,org.apache.hadoop.hdfs.web.resources.BufferSizeParam,java.util.List,org.apache.hadoop.hdfs.web.resources.XAttrEncodingParam,org.apache.hadoop.hdfs.web.resources.ExcludeDatanodesParam,org.apache.hadoop.hdfs.web.resources.FsActionParam,org.apache.hadoop.hdfs.web.resources.SnapshotNameParam,org.apache.hadoop.hdfs.web.resources.OldSnapshotNameParam,org.apache.hadoop.hdfs.web.resources.TokenKindParam,org.apache.hadoop.hdfs.web.resources.TokenServiceParam,org.apache.hadoop.hdfs.web.resources.NoRedirectParam,org.apache.hadoop.hdfs.web.resources.StartAfterParam) throws java.io.IOException,java.lang.InterruptedException, with URI template, "/", is treated as a resource method
