2018-10-26 05:44:05,532 INFO org.apache.hadoop.hdfs.server.namenode.NameNode: STARTUP_MSG: 
/************************************************************
STARTUP_MSG: Starting NameNode
STARTUP_MSG:   host = a4aec0a16d49/172.21.0.3
STARTUP_MSG:   args = []
STARTUP_MSG:   version = 3.1.1
STARTUP_MSG:   classpath = /usr/local/hadoop/etc/hadoop/:/usr/local/hadoop-3.1.1/share/hadoop/common/lib/commons-beanutils-1.9.3.jar:/usr/local/hadoop-3.1.1/share/hadoop/common/lib/jsr305-3.0.0.jar:/usr/local/hadoop-3.1.1/share/hadoop/common/lib/nimbus-jose-jwt-4.41.1.jar:/usr/local/hadoop-3.1.1/share/hadoop/common/lib/curator-framework-2.12.0.jar:/usr/local/hadoop-3.1.1/share/hadoop/common/lib/hadoop-annotations-3.1.1.jar:/usr/local/hadoop-3.1.1/share/hadoop/common/lib/protobuf-java-2.5.0.jar:/usr/local/hadoop-3.1.1/share/hadoop/common/lib/metrics-core-3.2.4.jar:/usr/local/hadoop-3.1.1/share/hadoop/common/lib/re2j-1.1.jar:/usr/local/hadoop-3.1.1/share/hadoop/common/lib/kerb-admin-1.0.1.jar:/usr/local/hadoop-3.1.1/share/hadoop/common/lib/accessors-smart-1.2.jar:/usr/local/hadoop-3.1.1/share/hadoop/common/lib/kerb-client-1.0.1.jar:/usr/local/hadoop-3.1.1/share/hadoop/common/lib/jersey-json-1.19.jar:/usr/local/hadoop-3.1.1/share/hadoop/common/lib/jackson-xc-1.9.13.jar:/usr/local/hadoop-3.1.1/share/hadoop/common/lib/javax.servlet-api-3.1.0.jar:/usr/local/hadoop-3.1.1/share/hadoop/common/lib/commons-lang-2.6.jar:/usr/local/hadoop-3.1.1/share/hadoop/common/lib/xz-1.0.jar:/usr/local/hadoop-3.1.1/share/hadoop/common/lib/commons-lang3-3.4.jar:/usr/local/hadoop-3.1.1/share/hadoop/common/lib/htrace-core4-4.1.0-incubating.jar:/usr/local/hadoop-3.1.1/share/hadoop/common/lib/jetty-server-9.3.19.v20170502.jar:/usr/local/hadoop-3.1.1/share/hadoop/common/lib/curator-recipes-2.12.0.jar:/usr/local/hadoop-3.1.1/share/hadoop/common/lib/curator-client-2.12.0.jar:/usr/local/hadoop-3.1.1/share/hadoop/common/lib/commons-collections-3.2.2.jar:/usr/local/hadoop-3.1.1/share/hadoop/common/lib/avro-1.7.7.jar:/usr/local/hadoop-3.1.1/share/hadoop/common/lib/snappy-java-1.0.5.jar:/usr/local/hadoop-3.1.1/share/hadoop/common/lib/jackson-jaxrs-1.9.13.jar:/usr/local/hadoop-3.1.1/share/hadoop/common/lib/kerb-crypto-1.0.1.jar:/usr/local/hadoop-3.1.1/share/hadoop/common/lib/gson-2.2.4.jar:/usr/local/hadoop-3.1.1/share/hadoop/common/lib/commons-configuration2-2.1.1.jar:/usr/local/hadoop-3.1.1/share/hadoop/common/lib/commons-cli-1.2.jar:/usr/local/hadoop-3.1.1/share/hadoop/common/lib/httpclient-4.5.2.jar:/usr/local/hadoop-3.1.1/share/hadoop/common/lib/jetty-xml-9.3.19.v20170502.jar:/usr/local/hadoop-3.1.1/share/hadoop/common/lib/jettison-1.1.jar:/usr/local/hadoop-3.1.1/share/hadoop/common/lib/jaxb-impl-2.2.3-1.jar:/usr/local/hadoop-3.1.1/share/hadoop/common/lib/jsr311-api-1.1.1.jar:/usr/local/hadoop-3.1.1/share/hadoop/common/lib/jackson-annotations-2.7.8.jar:/usr/local/hadoop-3.1.1/share/hadoop/common/lib/kerb-core-1.0.1.jar:/usr/local/hadoop-3.1.1/share/hadoop/common/lib/jetty-webapp-9.3.19.v20170502.jar:/usr/local/hadoop-3.1.1/share/hadoop/common/lib/kerby-xdr-1.0.1.jar:/usr/local/hadoop-3.1.1/share/hadoop/common/lib/httpcore-4.4.4.jar:/usr/local/hadoop-3.1.1/share/hadoop/common/lib/woodstox-core-5.0.3.jar:/usr/local/hadoop-3.1.1/share/hadoop/common/lib/jersey-core-1.19.jar:/usr/local/hadoop-3.1.1/share/hadoop/common/lib/log4j-1.2.17.jar:/usr/local/hadoop-3.1.1/share/hadoop/common/lib/kerb-identity-1.0.1.jar:/usr/local/hadoop-3.1.1/share/hadoop/common/lib/jackson-core-2.7.8.jar:/usr/local/hadoop-3.1.1/share/hadoop/common/lib/jsch-0.1.54.jar:/usr/local/hadoop-3.1.1/share/hadoop/common/lib/netty-3.10.5.Final.jar:/usr/local/hadoop-3.1.1/share/hadoop/common/lib/stax2-api-3.1.4.jar:/usr/local/hadoop-3.1.1/share/hadoop/common/lib/token-provider-1.0.1.jar:/usr/local/hadoop-3.1.1/share/hadoop/common/lib/kerby-util-1.0.1.jar:/usr/local/hadoop-3.1.1/share/hadoop/common/lib/jersey-servlet-1.19.jar:/usr/local/hadoop-3.1.1/share/hadoop/common/lib/jetty-security-9.3.19.v20170502.jar:/usr/local/hadoop-3.1.1/share/hadoop/common/lib/jetty-servlet-9.3.19.v20170502.jar:/usr/local/hadoop-3.1.1/share/hadoop/common/lib/kerb-common-1.0.1.jar:/usr/local/hadoop-3.1.1/share/hadoop/common/lib/commons-net-3.6.jar:/usr/local/hadoop-3.1.1/share/hadoop/common/lib/asm-5.0.4.jar:/usr/local/hadoop-3.1.1/share/hadoop/common/lib/kerb-simplekdc-1.0.1.jar:/usr/local/hadoop-3.1.1/share/hadoop/common/lib/zookeeper-3.4.9.jar:/usr/local/hadoop-3.1.1/share/hadoop/common/lib/kerby-asn1-1.0.1.jar:/usr/local/hadoop-3.1.1/share/hadoop/common/lib/commons-codec-1.11.jar:/usr/local/hadoop-3.1.1/share/hadoop/common/lib/paranamer-2.3.jar:/usr/local/hadoop-3.1.1/share/hadoop/common/lib/kerby-pkix-1.0.1.jar:/usr/local/hadoop-3.1.1/share/hadoop/common/lib/slf4j-api-1.7.25.jar:/usr/local/hadoop-3.1.1/share/hadoop/common/lib/jetty-util-9.3.19.v20170502.jar:/usr/local/hadoop-3.1.1/share/hadoop/common/lib/json-smart-2.3.jar:/usr/local/hadoop-3.1.1/share/hadoop/common/lib/hadoop-auth-3.1.1.jar:/usr/local/hadoop-3.1.1/share/hadoop/common/lib/jcip-annotations-1.0-1.jar:/usr/local/hadoop-3.1.1/share/hadoop/common/lib/kerb-util-1.0.1.jar:/usr/local/hadoop-3.1.1/share/hadoop/common/lib/jetty-io-9.3.19.v20170502.jar:/usr/local/hadoop-3.1.1/share/hadoop/common/lib/commons-math3-3.1.1.jar:/usr/local/hadoop-3.1.1/share/hadoop/common/lib/jetty-http-9.3.19.v20170502.jar:/usr/local/hadoop-3.1.1/share/hadoop/common/lib/jackson-mapper-asl-1.9.13.jar:/usr/local/hadoop-3.1.1/share/hadoop/common/lib/jaxb-api-2.2.11.jar:/usr/local/hadoop-3.1.1/share/hadoop/common/lib/jul-to-slf4j-1.7.25.jar:/usr/local/hadoop-3.1.1/share/hadoop/common/lib/commons-io-2.5.jar:/usr/local/hadoop-3.1.1/share/hadoop/common/lib/kerb-server-1.0.1.jar:/usr/local/hadoop-3.1.1/share/hadoop/common/lib/guava-11.0.2.jar:/usr/local/hadoop-3.1.1/share/hadoop/common/lib/commons-logging-1.1.3.jar:/usr/local/hadoop-3.1.1/share/hadoop/common/lib/kerby-config-1.0.1.jar:/usr/local/hadoop-3.1.1/share/hadoop/common/lib/slf4j-log4j12-1.7.25.jar:/usr/local/hadoop-3.1.1/share/hadoop/common/lib/jersey-server-1.19.jar:/usr/local/hadoop-3.1.1/share/hadoop/common/lib/jackson-core-asl-1.9.13.jar:/usr/local/hadoop-3.1.1/share/hadoop/common/lib/jsp-api-2.1.jar:/usr/local/hadoop-3.1.1/share/hadoop/common/lib/jackson-databind-2.7.8.jar:/usr/local/hadoop-3.1.1/share/hadoop/common/lib/commons-compress-1.4.1.jar:/usr/local/hadoop-3.1.1/share/hadoop/common/hadoop-nfs-3.1.1.jar:/usr/local/hadoop-3.1.1/share/hadoop/common/hadoop-kms-3.1.1.jar:/usr/local/hadoop-3.1.1/share/hadoop/common/hadoop-common-3.1.1-tests.jar:/usr/local/hadoop-3.1.1/share/hadoop/common/hadoop-common-3.1.1.jar:/usr/local/hadoop-3.1.1/share/hadoop/hdfs:/usr/local/hadoop-3.1.1/share/hadoop/hdfs/lib/commons-beanutils-1.9.3.jar:/usr/local/hadoop-3.1.1/share/hadoop/hdfs/lib/jsr305-3.0.0.jar:/usr/local/hadoop-3.1.1/share/hadoop/hdfs/lib/nimbus-jose-jwt-4.41.1.jar:/usr/local/hadoop-3.1.1/share/hadoop/hdfs/lib/curator-framework-2.12.0.jar:/usr/local/hadoop-3.1.1/share/hadoop/hdfs/lib/hadoop-annotations-3.1.1.jar:/usr/local/hadoop-3.1.1/share/hadoop/hdfs/lib/protobuf-java-2.5.0.jar:/usr/local/hadoop-3.1.1/share/hadoop/hdfs/lib/re2j-1.1.jar:/usr/local/hadoop-3.1.1/share/hadoop/hdfs/lib/kerb-admin-1.0.1.jar:/usr/local/hadoop-3.1.1/share/hadoop/hdfs/lib/accessors-smart-1.2.jar:/usr/local/hadoop-3.1.1/share/hadoop/hdfs/lib/jetty-util-ajax-9.3.19.v20170502.jar:/usr/local/hadoop-3.1.1/share/hadoop/hdfs/lib/commons-daemon-1.0.13.jar:/usr/local/hadoop-3.1.1/share/hadoop/hdfs/lib/kerb-client-1.0.1.jar:/usr/local/hadoop-3.1.1/share/hadoop/hdfs/lib/jersey-json-1.19.jar:/usr/local/hadoop-3.1.1/share/hadoop/hdfs/lib/jackson-xc-1.9.13.jar:/usr/local/hadoop-3.1.1/share/hadoop/hdfs/lib/javax.servlet-api-3.1.0.jar:/usr/local/hadoop-3.1.1/share/hadoop/hdfs/lib/commons-lang-2.6.jar:/usr/local/hadoop-3.1.1/share/hadoop/hdfs/lib/xz-1.0.jar:/usr/local/hadoop-3.1.1/share/hadoop/hdfs/lib/commons-lang3-3.4.jar:/usr/local/hadoop-3.1.1/share/hadoop/hdfs/lib/htrace-core4-4.1.0-incubating.jar:/usr/local/hadoop-3.1.1/share/hadoop/hdfs/lib/jetty-server-9.3.19.v20170502.jar:/usr/local/hadoop-3.1.1/share/hadoop/hdfs/lib/curator-recipes-2.12.0.jar:/usr/local/hadoop-3.1.1/share/hadoop/hdfs/lib/curator-client-2.12.0.jar:/usr/local/hadoop-3.1.1/share/hadoop/hdfs/lib/commons-collections-3.2.2.jar:/usr/local/hadoop-3.1.1/share/hadoop/hdfs/lib/avro-1.7.7.jar:/usr/local/hadoop-3.1.1/share/hadoop/hdfs/lib/snappy-java-1.0.5.jar:/usr/local/hadoop-3.1.1/share/hadoop/hdfs/lib/jackson-jaxrs-1.9.13.jar:/usr/local/hadoop-3.1.1/share/hadoop/hdfs/lib/leveldbjni-all-1.8.jar:/usr/local/hadoop-3.1.1/share/hadoop/hdfs/lib/kerb-crypto-1.0.1.jar:/usr/local/hadoop-3.1.1/share/hadoop/hdfs/lib/gson-2.2.4.jar:/usr/local/hadoop-3.1.1/share/hadoop/hdfs/lib/commons-configuration2-2.1.1.jar:/usr/local/hadoop-3.1.1/share/hadoop/hdfs/lib/commons-cli-1.2.jar:/usr/local/hadoop-3.1.1/share/hadoop/hdfs/lib/httpclient-4.5.2.jar:/usr/local/hadoop-3.1.1/share/hadoop/hdfs/lib/jetty-xml-9.3.19.v20170502.jar:/usr/local/hadoop-3.1.1/share/hadoop/hdfs/lib/jettison-1.1.jar:/usr/local/hadoop-3.1.1/share/hadoop/hdfs/lib/jaxb-impl-2.2.3-1.jar:/usr/local/hadoop-3.1.1/share/hadoop/hdfs/lib/jsr311-api-1.1.1.jar:/usr/local/hadoop-3.1.1/share/hadoop/hdfs/lib/jackson-annotations-2.7.8.jar:/usr/local/hadoop-3.1.1/share/hadoop/hdfs/lib/kerb-core-1.0.1.jar:/usr/local/hadoop-3.1.1/share/hadoop/hdfs/lib/jetty-webapp-9.3.19.v20170502.jar:/usr/local/hadoop-3.1.1/share/hadoop/hdfs/lib/kerby-xdr-1.0.1.jar:/usr/local/hadoop-3.1.1/share/hadoop/hdfs/lib/httpcore-4.4.4.jar:/usr/local/hadoop-3.1.1/share/hadoop/hdfs/lib/woodstox-core-5.0.3.jar:/usr/local/hadoop-3.1.1/share/hadoop/hdfs/lib/jersey-core-1.19.jar:/usr/local/hadoop-3.1.1/share/hadoop/hdfs/lib/log4j-1.2.17.jar:/usr/local/hadoop-3.1.1/share/hadoop/hdfs/lib/kerb-identity-1.0.1.jar:/usr/local/hadoop-3.1.1/share/hadoop/hdfs/lib/jackson-core-2.7.8.jar:/usr/local/hadoop-3.1.1/share/hadoop/hdfs/lib/jsch-0.1.54.jar:/usr/local/hadoop-3.1.1/share/hadoop/hdfs/lib/netty-all-4.0.52.Final.jar:/usr/local/hadoop-3.1.1/share/hadoop/hdfs/lib/netty-3.10.5.Final.jar:/usr/local/hadoop-3.1.1/share/hadoop/hdfs/lib/stax2-api-3.1.4.jar:/usr/local/hadoop-3.1.1/share/hadoop/hdfs/lib/token-provider-1.0.1.jar:/usr/local/hadoop-3.1.1/share/hadoop/hdfs/lib/kerby-util-1.0.1.jar:/usr/local/hadoop-3.1.1/share/hadoop/hdfs/lib/jersey-servlet-1.19.jar:/usr/local/hadoop-3.1.1/share/hadoop/hdfs/lib/jetty-security-9.3.19.v20170502.jar:/usr/local/hadoop-3.1.1/share/hadoop/hdfs/lib/jetty-servlet-9.3.19.v20170502.jar:/usr/local/hadoop-3.1.1/share/hadoop/hdfs/lib/kerb-common-1.0.1.jar:/usr/local/hadoop-3.1.1/share/hadoop/hdfs/lib/commons-net-3.6.jar:/usr/local/hadoop-3.1.1/share/hadoop/hdfs/lib/asm-5.0.4.jar:/usr/local/hadoop-3.1.1/share/hadoop/hdfs/lib/kerb-simplekdc-1.0.1.jar:/usr/local/hadoop-3.1.1/share/hadoop/hdfs/lib/zookeeper-3.4.9.jar:/usr/local/hadoop-3.1.1/share/hadoop/hdfs/lib/kerby-asn1-1.0.1.jar:/usr/local/hadoop-3.1.1/share/hadoop/hdfs/lib/commons-codec-1.11.jar:/usr/local/hadoop-3.1.1/share/hadoop/hdfs/lib/paranamer-2.3.jar:/usr/local/hadoop-3.1.1/share/hadoop/hdfs/lib/kerby-pkix-1.0.1.jar:/usr/local/hadoop-3.1.1/share/hadoop/hdfs/lib/okhttp-2.7.5.jar:/usr/local/hadoop-3.1.1/share/hadoop/hdfs/lib/json-simple-1.1.1.jar:/usr/local/hadoop-3.1.1/share/hadoop/hdfs/lib/jetty-util-9.3.19.v20170502.jar:/usr/local/hadoop-3.1.1/share/hadoop/hdfs/lib/json-smart-2.3.jar:/usr/local/hadoop-3.1.1/share/hadoop/hdfs/lib/hadoop-auth-3.1.1.jar:/usr/local/hadoop-3.1.1/share/hadoop/hdfs/lib/jcip-annotations-1.0-1.jar:/usr/local/hadoop-3.1.1/share/hadoop/hdfs/lib/kerb-util-1.0.1.jar:/usr/local/hadoop-3.1.1/share/hadoop/hdfs/lib/jetty-io-9.3.19.v20170502.jar:/usr/local/hadoop-3.1.1/share/hadoop/hdfs/lib/commons-math3-3.1.1.jar:/usr/local/hadoop-3.1.1/share/hadoop/hdfs/lib/jetty-http-9.3.19.v20170502.jar:/usr/local/hadoop-3.1.1/share/hadoop/hdfs/lib/jackson-mapper-asl-1.9.13.jar:/usr/local/hadoop-3.1.1/share/hadoop/hdfs/lib/jaxb-api-2.2.11.jar:/usr/local/hadoop-3.1.1/share/hadoop/hdfs/lib/commons-io-2.5.jar:/usr/local/hadoop-3.1.1/share/hadoop/hdfs/lib/kerb-server-1.0.1.jar:/usr/local/hadoop-3.1.1/share/hadoop/hdfs/lib/guava-11.0.2.jar:/usr/local/hadoop-3.1.1/share/hadoop/hdfs/lib/commons-logging-1.1.3.jar:/usr/local/hadoop-3.1.1/share/hadoop/hdfs/lib/kerby-config-1.0.1.jar:/usr/local/hadoop-3.1.1/share/hadoop/hdfs/lib/jersey-server-1.19.jar:/usr/local/hadoop-3.1.1/share/hadoop/hdfs/lib/jackson-core-asl-1.9.13.jar:/usr/local/hadoop-3.1.1/share/hadoop/hdfs/lib/okio-1.6.0.jar:/usr/local/hadoop-3.1.1/share/hadoop/hdfs/lib/jackson-databind-2.7.8.jar:/usr/local/hadoop-3.1.1/share/hadoop/hdfs/lib/commons-compress-1.4.1.jar:/usr/local/hadoop-3.1.1/share/hadoop/hdfs/hadoop-hdfs-client-3.1.1-tests.jar:/usr/local/hadoop-3.1.1/share/hadoop/hdfs/hadoop-hdfs-rbf-3.1.1.jar:/usr/local/hadoop-3.1.1/share/hadoop/hdfs/hadoop-hdfs-native-client-3.1.1.jar:/usr/local/hadoop-3.1.1/share/hadoop/hdfs/hadoop-hdfs-nfs-3.1.1.jar:/usr/local/hadoop-3.1.1/share/hadoop/hdfs/hadoop-hdfs-3.1.1.jar:/usr/local/hadoop-3.1.1/share/hadoop/hdfs/hadoop-hdfs-httpfs-3.1.1.jar:/usr/local/hadoop-3.1.1/share/hadoop/hdfs/hadoop-hdfs-3.1.1-tests.jar:/usr/local/hadoop-3.1.1/share/hadoop/hdfs/hadoop-hdfs-rbf-3.1.1-tests.jar:/usr/local/hadoop-3.1.1/share/hadoop/hdfs/hadoop-hdfs-client-3.1.1.jar:/usr/local/hadoop-3.1.1/share/hadoop/hdfs/hadoop-hdfs-native-client-3.1.1-tests.jar:/usr/local/hadoop-3.1.1/share/hadoop/mapreduce/lib/hamcrest-core-1.3.jar:/usr/local/hadoop-3.1.1/share/hadoop/mapreduce/lib/junit-4.11.jar:/usr/local/hadoop-3.1.1/share/hadoop/mapreduce/hadoop-mapreduce-client-hs-3.1.1.jar:/usr/local/hadoop-3.1.1/share/hadoop/mapreduce/hadoop-mapreduce-client-jobclient-3.1.1-tests.jar:/usr/local/hadoop-3.1.1/share/hadoop/mapreduce/hadoop-mapreduce-client-nativetask-3.1.1.jar:/usr/local/hadoop-3.1.1/share/hadoop/mapreduce/hadoop-mapreduce-client-hs-plugins-3.1.1.jar:/usr/local/hadoop-3.1.1/share/hadoop/mapreduce/hadoop-mapreduce-client-uploader-3.1.1.jar:/usr/local/hadoop-3.1.1/share/hadoop/mapreduce/hadoop-mapreduce-client-common-3.1.1.jar:/usr/local/hadoop-3.1.1/share/hadoop/mapreduce/hadoop-mapreduce-client-app-3.1.1.jar:/usr/local/hadoop-3.1.1/share/hadoop/mapreduce/hadoop-mapreduce-client-shuffle-3.1.1.jar:/usr/local/hadoop-3.1.1/share/hadoop/mapreduce/hadoop-mapreduce-client-core-3.1.1.jar:/usr/local/hadoop-3.1.1/share/hadoop/mapreduce/hadoop-mapreduce-client-jobclient-3.1.1.jar:/usr/local/hadoop-3.1.1/share/hadoop/mapreduce/hadoop-mapreduce-examples-3.1.1.jar:/usr/local/hadoop-3.1.1/share/hadoop/yarn:/usr/local/hadoop-3.1.1/share/hadoop/yarn/lib/metrics-core-3.2.4.jar:/usr/local/hadoop-3.1.1/share/hadoop/yarn/lib/snakeyaml-1.16.jar:/usr/local/hadoop-3.1.1/share/hadoop/yarn/lib/geronimo-jcache_1.0_spec-1.0-alpha-1.jar:/usr/local/hadoop-3.1.1/share/hadoop/yarn/lib/javax.inject-1.jar:/usr/local/hadoop-3.1.1/share/hadoop/yarn/lib/aopalliance-1.0.jar:/usr/local/hadoop-3.1.1/share/hadoop/yarn/lib/jackson-module-jaxb-annotations-2.7.8.jar:/usr/local/hadoop-3.1.1/share/hadoop/yarn/lib/jersey-client-1.19.jar:/usr/local/hadoop-3.1.1/share/hadoop/yarn/lib/mssql-jdbc-6.2.1.jre7.jar:/usr/local/hadoop-3.1.1/share/hadoop/yarn/lib/swagger-annotations-1.5.4.jar:/usr/local/hadoop-3.1.1/share/hadoop/yarn/lib/jackson-jaxrs-json-provider-2.7.8.jar:/usr/local/hadoop-3.1.1/share/hadoop/yarn/lib/dnsjava-2.1.7.jar:/usr/local/hadoop-3.1.1/share/hadoop/yarn/lib/objenesis-1.0.jar:/usr/local/hadoop-3.1.1/share/hadoop/yarn/lib/json-io-2.5.1.jar:/usr/local/hadoop-3.1.1/share/hadoop/yarn/lib/guice-servlet-4.0.jar:/usr/local/hadoop-3.1.1/share/hadoop/yarn/lib/jackson-jaxrs-base-2.7.8.jar:/usr/local/hadoop-3.1.1/share/hadoop/yarn/lib/java-util-1.9.0.jar:/usr/local/hadoop-3.1.1/share/hadoop/yarn/lib/ehcache-3.3.1.jar:/usr/local/hadoop-3.1.1/share/hadoop/yarn/lib/jersey-guice-1.19.jar:/usr/local/hadoop-3.1.1/share/hadoop/yarn/lib/fst-2.50.jar:/usr/local/hadoop-3.1.1/share/hadoop/yarn/lib/HikariCP-java7-2.4.12.jar:/usr/local/hadoop-3.1.1/share/hadoop/yarn/lib/guice-4.0.jar:/usr/local/hadoop-3.1.1/share/hadoop/yarn/hadoop-yarn-server-tests-3.1.1.jar:/usr/local/hadoop-3.1.1/share/hadoop/yarn/hadoop-yarn-registry-3.1.1.jar:/usr/local/hadoop-3.1.1/share/hadoop/yarn/hadoop-yarn-applications-unmanaged-am-launcher-3.1.1.jar:/usr/local/hadoop-3.1.1/share/hadoop/yarn/hadoop-yarn-services-api-3.1.1.jar:/usr/local/hadoop-3.1.1/share/hadoop/yarn/hadoop-yarn-server-resourcemanager-3.1.1.jar:/usr/local/hadoop-3.1.1/share/hadoop/yarn/hadoop-yarn-client-3.1.1.jar:/usr/local/hadoop-3.1.1/share/hadoop/yarn/hadoop-yarn-server-applicationhistoryservice-3.1.1.jar:/usr/local/hadoop-3.1.1/share/hadoop/yarn/hadoop-yarn-server-timeline-pluginstorage-3.1.1.jar:/usr/local/hadoop-3.1.1/share/hadoop/yarn/hadoop-yarn-common-3.1.1.jar:/usr/local/hadoop-3.1.1/share/hadoop/yarn/hadoop-yarn-server-router-3.1.1.jar:/usr/local/hadoop-3.1.1/share/hadoop/yarn/hadoop-yarn-applications-distributedshell-3.1.1.jar:/usr/local/hadoop-3.1.1/share/hadoop/yarn/hadoop-yarn-services-core-3.1.1.jar:/usr/local/hadoop-3.1.1/share/hadoop/yarn/hadoop-yarn-server-common-3.1.1.jar:/usr/local/hadoop-3.1.1/share/hadoop/yarn/hadoop-yarn-api-3.1.1.jar:/usr/local/hadoop-3.1.1/share/hadoop/yarn/hadoop-yarn-server-nodemanager-3.1.1.jar:/usr/local/hadoop-3.1.1/share/hadoop/yarn/hadoop-yarn-server-sharedcachemanager-3.1.1.jar:/usr/local/hadoop-3.1.1/share/hadoop/yarn/hadoop-yarn-server-web-proxy-3.1.1.jar:/usr/local/hadoop-3.1.1/contrib/capacity-scheduler/*.jar
STARTUP_MSG:   build = https://github.com/apache/hadoop -r 2b9a8c1d3a2caf1e733d57f346af3ff0d5ba529c; compiled by 'leftnoteasy' on 2018-08-02T04:26Z
STARTUP_MSG:   java = 1.8.0_191
************************************************************/
2018-10-26 05:44:05,573 INFO org.apache.hadoop.hdfs.server.namenode.NameNode: registered UNIX signal handlers for [TERM, HUP, INT]
2018-10-26 05:44:05,583 INFO org.apache.hadoop.hdfs.server.namenode.NameNode: createNameNode []
2018-10-26 05:44:09,065 INFO org.apache.hadoop.metrics2.impl.MetricsConfig: loaded properties from hadoop-metrics2.properties
2018-10-26 05:44:11,594 INFO org.apache.hadoop.metrics2.impl.MetricsSystemImpl: Scheduled Metric snapshot period at 10 second(s).
2018-10-26 05:44:11,594 INFO org.apache.hadoop.metrics2.impl.MetricsSystemImpl: NameNode metrics system started
2018-10-26 05:44:11,817 INFO org.apache.hadoop.hdfs.server.namenode.NameNodeUtils: fs.defaultFS is hdfs://manager:9000
2018-10-26 05:44:11,851 INFO org.apache.hadoop.hdfs.server.namenode.NameNode: Clients should use manager:9000 to access this namenode/service.
2018-10-26 05:44:13,498 INFO org.apache.hadoop.util.JvmPauseMonitor: Starting JVM pause monitor
2018-10-26 05:44:15,331 INFO org.apache.hadoop.hdfs.DFSUtil: Starting Web-server for hdfs at: http://0.0.0.0:9870
2018-10-26 05:44:15,904 INFO org.eclipse.jetty.util.log: Logging initialized @11848ms
2018-10-26 05:44:18,144 INFO org.apache.hadoop.security.authentication.server.AuthenticationFilter: Unable to initialize FileSignerSecretProvider, falling back to use random secrets.
2018-10-26 05:44:18,267 INFO org.apache.hadoop.http.HttpRequestLog: Http request log for http.requests.namenode is not defined
2018-10-26 05:44:18,296 INFO org.apache.hadoop.http.HttpServer2: Added global filter 'safety' (class=org.apache.hadoop.http.HttpServer2$QuotingInputFilter)
2018-10-26 05:44:18,300 INFO org.apache.hadoop.http.HttpServer2: Added filter static_user_filter (class=org.apache.hadoop.http.lib.StaticUserWebFilter$StaticUserFilter) to context hdfs
2018-10-26 05:44:18,300 INFO org.apache.hadoop.http.HttpServer2: Added filter static_user_filter (class=org.apache.hadoop.http.lib.StaticUserWebFilter$StaticUserFilter) to context logs
2018-10-26 05:44:18,300 INFO org.apache.hadoop.http.HttpServer2: Added filter static_user_filter (class=org.apache.hadoop.http.lib.StaticUserWebFilter$StaticUserFilter) to context static
2018-10-26 05:44:18,668 INFO org.apache.hadoop.http.HttpServer2: Added filter 'org.apache.hadoop.hdfs.web.AuthFilter' (class=org.apache.hadoop.hdfs.web.AuthFilter)
2018-10-26 05:44:18,668 INFO org.apache.hadoop.http.HttpServer2: addJerseyResourcePackage: packageName=org.apache.hadoop.hdfs.server.namenode.web.resources;org.apache.hadoop.hdfs.web.resources, pathSpec=/webhdfs/v1/*
2018-10-26 05:44:18,882 INFO org.apache.hadoop.http.HttpServer2: Jetty bound to port 9870
2018-10-26 05:44:18,884 INFO org.eclipse.jetty.server.Server: jetty-9.3.19.v20170502
2018-10-26 05:44:19,317 INFO org.eclipse.jetty.server.handler.ContextHandler: Started o.e.j.s.ServletContextHandler@5890e879{/logs,file:///usr/local/hadoop-3.1.1/logs/,AVAILABLE}
2018-10-26 05:44:19,328 INFO org.eclipse.jetty.server.handler.ContextHandler: Started o.e.j.s.ServletContextHandler@31ea9581{/static,file:///usr/local/hadoop-3.1.1/share/hadoop/hdfs/webapps/static/,AVAILABLE}
2018-10-26 05:44:23,895 INFO org.eclipse.jetty.server.handler.ContextHandler: Started o.e.j.w.WebAppContext@4149c063{/,file:///usr/local/hadoop-3.1.1/share/hadoop/hdfs/webapps/hdfs/,AVAILABLE}{/hdfs}
2018-10-26 05:44:24,025 INFO org.eclipse.jetty.server.AbstractConnector: Started ServerConnector@7283d3eb{HTTP/1.1,[http/1.1]}{0.0.0.0:9870}
2018-10-26 05:44:24,025 INFO org.eclipse.jetty.server.Server: Started @19974ms
2018-10-26 05:44:25,228 WARN org.apache.hadoop.hdfs.server.namenode.FSNamesystem: Only one image storage directory (dfs.namenode.name.dir) configured. Beware of data loss due to lack of redundant storage directories!
2018-10-26 05:44:25,228 WARN org.apache.hadoop.hdfs.server.namenode.FSNamesystem: Only one namespace edits storage directory (dfs.namenode.edits.dir) configured. Beware of data loss due to lack of redundant storage directories!
2018-10-26 05:44:25,438 INFO org.apache.hadoop.hdfs.server.namenode.FSEditLog: Edit logging is async:true
2018-10-26 05:44:25,487 INFO org.apache.hadoop.hdfs.server.namenode.FSNamesystem: KeyProvider: null
2018-10-26 05:44:25,492 INFO org.apache.hadoop.hdfs.server.namenode.FSNamesystem: fsLock is fair: true
2018-10-26 05:44:25,500 INFO org.apache.hadoop.hdfs.server.namenode.FSNamesystem: Detailed lock hold time metrics enabled: false
2018-10-26 05:44:25,512 INFO org.apache.hadoop.hdfs.server.namenode.FSNamesystem: fsOwner             = root (auth:SIMPLE)
2018-10-26 05:44:25,512 INFO org.apache.hadoop.hdfs.server.namenode.FSNamesystem: supergroup          = supergroup
2018-10-26 05:44:25,512 INFO org.apache.hadoop.hdfs.server.namenode.FSNamesystem: isPermissionEnabled = true
2018-10-26 05:44:25,513 INFO org.apache.hadoop.hdfs.server.namenode.FSNamesystem: HA Enabled: false
2018-10-26 05:44:25,583 INFO org.apache.hadoop.hdfs.server.common.Util: dfs.datanode.fileio.profiling.sampling.percentage set to 0. Disabling file IO profiling
2018-10-26 05:44:25,604 INFO org.apache.hadoop.hdfs.server.blockmanagement.DatanodeManager: dfs.block.invalidate.limit: configured=1000, counted=60, effected=1000
2018-10-26 05:44:25,604 INFO org.apache.hadoop.hdfs.server.blockmanagement.DatanodeManager: dfs.namenode.datanode.registration.ip-hostname-check=false
2018-10-26 05:44:25,612 INFO org.apache.hadoop.hdfs.server.blockmanagement.BlockManager: dfs.namenode.startup.delay.block.deletion.sec is set to 000:00:00:00.000
2018-10-26 05:44:25,612 INFO org.apache.hadoop.hdfs.server.blockmanagement.BlockManager: The block deletion will start around 2018 Oct 26 05:44:25
2018-10-26 05:44:25,615 INFO org.apache.hadoop.util.GSet: Computing capacity for map BlocksMap
2018-10-26 05:44:25,616 INFO org.apache.hadoop.util.GSet: VM type       = 64-bit
2018-10-26 05:44:25,618 INFO org.apache.hadoop.util.GSet: 2.0% max memory 910.5 MB = 18.2 MB
2018-10-26 05:44:25,618 INFO org.apache.hadoop.util.GSet: capacity      = 2^21 = 2097152 entries
2018-10-26 05:44:25,631 INFO org.apache.hadoop.hdfs.server.blockmanagement.BlockManager: dfs.block.access.token.enable = false
2018-10-26 05:44:25,642 INFO org.apache.hadoop.conf.Configuration.deprecation: No unit for dfs.namenode.safemode.extension(30000) assuming MILLISECONDS
2018-10-26 05:44:25,642 INFO org.apache.hadoop.hdfs.server.blockmanagement.BlockManagerSafeMode: dfs.namenode.safemode.threshold-pct = 0.9990000128746033
2018-10-26 05:44:25,642 INFO org.apache.hadoop.hdfs.server.blockmanagement.BlockManagerSafeMode: dfs.namenode.safemode.min.datanodes = 0
2018-10-26 05:44:25,642 INFO org.apache.hadoop.hdfs.server.blockmanagement.BlockManagerSafeMode: dfs.namenode.safemode.extension = 30000
2018-10-26 05:44:25,642 INFO org.apache.hadoop.hdfs.server.blockmanagement.BlockManager: defaultReplication         = 1
2018-10-26 05:44:25,642 INFO org.apache.hadoop.hdfs.server.blockmanagement.BlockManager: maxReplication             = 512
2018-10-26 05:44:25,642 INFO org.apache.hadoop.hdfs.server.blockmanagement.BlockManager: minReplication             = 1
2018-10-26 05:44:25,643 INFO org.apache.hadoop.hdfs.server.blockmanagement.BlockManager: maxReplicationStreams      = 2
2018-10-26 05:44:25,643 INFO org.apache.hadoop.hdfs.server.blockmanagement.BlockManager: redundancyRecheckInterval  = 3000ms
2018-10-26 05:44:25,643 INFO org.apache.hadoop.hdfs.server.blockmanagement.BlockManager: encryptDataTransfer        = false
2018-10-26 05:44:25,643 INFO org.apache.hadoop.hdfs.server.blockmanagement.BlockManager: maxNumBlocksToLog          = 1000
2018-10-26 05:44:25,785 INFO org.apache.hadoop.util.GSet: Computing capacity for map INodeMap
2018-10-26 05:44:25,785 INFO org.apache.hadoop.util.GSet: VM type       = 64-bit
2018-10-26 05:44:25,785 INFO org.apache.hadoop.util.GSet: 1.0% max memory 910.5 MB = 9.1 MB
2018-10-26 05:44:25,785 INFO org.apache.hadoop.util.GSet: capacity      = 2^20 = 1048576 entries
2018-10-26 05:44:25,786 INFO org.apache.hadoop.hdfs.server.namenode.FSDirectory: ACLs enabled? false
2018-10-26 05:44:25,786 INFO org.apache.hadoop.hdfs.server.namenode.FSDirectory: POSIX ACL inheritance enabled? true
2018-10-26 05:44:25,789 INFO org.apache.hadoop.hdfs.server.namenode.FSDirectory: XAttrs enabled? true
2018-10-26 05:44:25,796 INFO org.apache.hadoop.hdfs.server.namenode.NameNode: Caching file names occurring more than 10 times
2018-10-26 05:44:25,809 INFO org.apache.hadoop.hdfs.server.namenode.snapshot.SnapshotManager: Loaded config captureOpenFiles: false, skipCaptureAccessTimeOnlyChange: false, snapshotDiffAllowSnapRootDescendant: true, maxSnapshotLimit: 65536
2018-10-26 05:44:25,829 INFO org.apache.hadoop.hdfs.server.namenode.snapshot.SnapshotManager: SkipList is disabled
2018-10-26 05:44:25,881 INFO org.apache.hadoop.util.GSet: Computing capacity for map cachedBlocks
2018-10-26 05:44:25,881 INFO org.apache.hadoop.util.GSet: VM type       = 64-bit
2018-10-26 05:44:25,881 INFO org.apache.hadoop.util.GSet: 0.25% max memory 910.5 MB = 2.3 MB
2018-10-26 05:44:25,881 INFO org.apache.hadoop.util.GSet: capacity      = 2^18 = 262144 entries
2018-10-26 05:44:25,915 INFO org.apache.hadoop.hdfs.server.namenode.top.metrics.TopMetrics: NNTop conf: dfs.namenode.top.window.num.buckets = 10
2018-10-26 05:44:25,926 INFO org.apache.hadoop.hdfs.server.namenode.top.metrics.TopMetrics: NNTop conf: dfs.namenode.top.num.users = 10
2018-10-26 05:44:25,926 INFO org.apache.hadoop.hdfs.server.namenode.top.metrics.TopMetrics: NNTop conf: dfs.namenode.top.windows.minutes = 1,5,25
2018-10-26 05:44:25,946 INFO org.apache.hadoop.hdfs.server.namenode.FSNamesystem: Retry cache on namenode is enabled
2018-10-26 05:44:25,946 INFO org.apache.hadoop.hdfs.server.namenode.FSNamesystem: Retry cache will use 0.03 of total heap and retry cache entry expiry time is 600000 millis
2018-10-26 05:44:25,959 INFO org.apache.hadoop.util.GSet: Computing capacity for map NameNodeRetryCache
2018-10-26 05:44:25,959 INFO org.apache.hadoop.util.GSet: VM type       = 64-bit
2018-10-26 05:44:25,961 INFO org.apache.hadoop.util.GSet: 0.029999999329447746% max memory 910.5 MB = 279.7 KB
2018-10-26 05:44:25,961 INFO org.apache.hadoop.util.GSet: capacity      = 2^15 = 32768 entries
2018-10-26 05:44:26,453 INFO org.apache.hadoop.hdfs.server.common.Storage: Lock on /tmp/hadoop-root/dfs/name/in_use.lock acquired by nodename 335@a4aec0a16d49
2018-10-26 05:44:26,786 INFO org.apache.hadoop.hdfs.server.namenode.FileJournalManager: Recovering unfinalized segments in /tmp/hadoop-root/dfs/name/current
2018-10-26 05:44:27,381 INFO org.apache.hadoop.hdfs.server.namenode.FileJournalManager: Finalizing edits file /tmp/hadoop-root/dfs/name/current/edits_inprogress_0000000000000000647 -> /tmp/hadoop-root/dfs/name/current/edits_0000000000000000647-0000000000000000790
2018-10-26 05:44:27,582 INFO org.apache.hadoop.hdfs.server.namenode.FSImage: Planning to load image: FSImageFile(file=/tmp/hadoop-root/dfs/name/current/fsimage_0000000000000000646, cpktTxId=0000000000000000646)
2018-10-26 05:44:30,011 INFO org.apache.hadoop.hdfs.server.namenode.ErasureCodingPolicyManager: Enable the erasure coding policy RS-6-3-1024k
2018-10-26 05:44:30,014 INFO org.apache.hadoop.hdfs.server.namenode.FSImageFormatPBINode: Loading 74 INodes.
2018-10-26 05:44:30,466 INFO org.apache.hadoop.hdfs.server.namenode.FSImageFormatProtobuf: Loaded FSImage in 2 seconds.
2018-10-26 05:44:30,466 INFO org.apache.hadoop.hdfs.server.namenode.FSImage: Loaded image for txid 646 from /tmp/hadoop-root/dfs/name/current/fsimage_0000000000000000646
2018-10-26 05:44:30,466 INFO org.apache.hadoop.hdfs.server.namenode.FSImage: Reading org.apache.hadoop.hdfs.server.namenode.RedundantEditLogInputStream@3d2ee678 expecting start txid #647
2018-10-26 05:44:30,467 INFO org.apache.hadoop.hdfs.server.namenode.FSImage: Start loading edits file /tmp/hadoop-root/dfs/name/current/edits_0000000000000000647-0000000000000000790 maxTxnsToRead = 9223372036854775807
2018-10-26 05:44:30,496 INFO org.apache.hadoop.hdfs.server.namenode.RedundantEditLogInputStream: Fast-forwarding stream '/tmp/hadoop-root/dfs/name/current/edits_0000000000000000647-0000000000000000790' to transaction ID 647
2018-10-26 05:44:31,501 INFO org.apache.hadoop.hdfs.server.namenode.FSEditLogLoader: replaying edit log: 56/144 transactions completed. (39%)
2018-10-26 05:44:31,518 INFO org.apache.hadoop.hdfs.server.namenode.FSDirectory: Increasing replication from 1 to 10 for /tmp/hadoop-yarn/staging/root/.staging/job_1540456752478_0006/files/mapper.py
2018-10-26 05:44:31,540 INFO org.apache.hadoop.hdfs.server.namenode.FSDirectory: Increasing replication from 1 to 10 for /tmp/hadoop-yarn/staging/root/.staging/job_1540456752478_0006/files/reducer.py
2018-10-26 05:44:31,561 INFO org.apache.hadoop.hdfs.server.namenode.FSDirectory: Increasing replication from 1 to 10 for /tmp/hadoop-yarn/staging/root/.staging/job_1540456752478_0006/job.jar
2018-10-26 05:44:31,581 INFO org.apache.hadoop.hdfs.server.namenode.FSDirectory: Increasing replication from 1 to 10 for /tmp/hadoop-yarn/staging/root/.staging/job_1540456752478_0006/job.split
2018-10-26 05:44:31,652 INFO org.apache.hadoop.hdfs.server.namenode.FSImage: Edits file /tmp/hadoop-root/dfs/name/current/edits_0000000000000000647-0000000000000000790 of size 1048576 edits # 144 loaded in 1 seconds
2018-10-26 05:44:31,652 INFO org.apache.hadoop.hdfs.server.namenode.FSNamesystem: Need to save fs image? true (staleImage=true, haEnabled=false, isRollingUpgrade=false)
2018-10-26 05:44:31,652 INFO org.apache.hadoop.hdfs.server.namenode.FSImage: Save namespace ...
2018-10-26 05:44:31,794 INFO org.apache.hadoop.hdfs.server.namenode.FSImageFormatProtobuf: Saving image file /tmp/hadoop-root/dfs/name/current/fsimage.ckpt_0000000000000000790 using no compression
2018-10-26 05:44:33,287 INFO org.apache.hadoop.hdfs.server.namenode.FSImageFormatProtobuf: Image file /tmp/hadoop-root/dfs/name/current/fsimage.ckpt_0000000000000000790 of size 6809 bytes saved in 1 seconds .
2018-10-26 05:44:33,468 INFO org.apache.hadoop.hdfs.server.namenode.NNStorageRetentionManager: Going to retain 2 images with txid >= 646
2018-10-26 05:44:33,469 INFO org.apache.hadoop.hdfs.server.namenode.NNStorageRetentionManager: Purging old image FSImageFile(file=/tmp/hadoop-root/dfs/name/current/fsimage_0000000000000000000, cpktTxId=0000000000000000000)
2018-10-26 05:44:33,600 INFO org.apache.hadoop.hdfs.server.namenode.FSEditLog: Starting log segment at 791
2018-10-26 05:44:34,485 INFO org.apache.hadoop.hdfs.server.namenode.NameCache: initialized with 0 entries 0 lookups
2018-10-26 05:44:34,485 INFO org.apache.hadoop.hdfs.server.namenode.FSNamesystem: Finished loading FSImage in 8491 msecs
2018-10-26 05:44:40,972 INFO org.apache.hadoop.hdfs.server.namenode.NameNode: RPC server is binding to manager:9000
2018-10-26 05:44:40,999 INFO org.apache.hadoop.ipc.CallQueueManager: Using callQueue: class java.util.concurrent.LinkedBlockingQueue queueCapacity: 1000 scheduler: class org.apache.hadoop.ipc.DefaultRpcScheduler
2018-10-26 05:44:41,013 INFO org.apache.hadoop.ipc.Server: Starting Socket Reader #1 for port 9000
2018-10-26 05:44:41,810 INFO org.apache.hadoop.hdfs.server.namenode.FSNamesystem: Registered FSNamesystemState, ReplicatedBlocksState and ECBlockGroupsState MBeans.
2018-10-26 05:44:41,970 INFO org.apache.hadoop.hdfs.server.namenode.LeaseManager: Number of blocks under construction: 0
2018-10-26 05:44:41,986 INFO org.apache.hadoop.hdfs.StateChange: STATE* Safe mode ON. 
The reported blocks 0 needs additional 48 blocks to reach the threshold 0.9990 of total blocks 49.
The number of live datanodes 0 has reached the minimum number 0. Safe mode will be turned off automatically once the thresholds have been reached.
2018-10-26 05:44:42,022 INFO org.apache.hadoop.ipc.Server: IPC Server Responder: starting
2018-10-26 05:44:42,024 INFO org.apache.hadoop.ipc.Server: IPC Server listener on 9000: starting
2018-10-26 05:44:42,060 INFO org.apache.hadoop.hdfs.server.namenode.NameNode: NameNode RPC up at: manager/172.21.0.3:9000
2018-10-26 05:44:42,064 INFO org.apache.hadoop.hdfs.server.namenode.FSNamesystem: Starting services required for active state
2018-10-26 05:44:42,064 INFO org.apache.hadoop.hdfs.server.namenode.FSDirectory: Initializing quota with 4 thread(s)
2018-10-26 05:44:42,086 INFO org.apache.hadoop.hdfs.server.namenode.FSDirectory: Quota initialization completed in 21 milliseconds
name space=68
storage space=1969453
storage types=RAM_DISK=0, SSD=0, DISK=0, ARCHIVE=0, PROVIDED=0
2018-10-26 05:44:42,168 INFO org.apache.hadoop.hdfs.server.blockmanagement.CacheReplicationMonitor: Starting CacheReplicationMonitor with interval 30000 milliseconds
2018-10-26 05:44:44,518 INFO org.apache.hadoop.hdfs.StateChange: BLOCK* registerDatanode: from DatanodeRegistration(172.21.0.2:9866, datanodeUuid=eb54e454-e9a6-4d56-afb6-1b1810b95b96, infoPort=9864, infoSecurePort=0, ipcPort=9867, storageInfo=lv=-57;cid=CID-d4ae2fc3-78d3-4c10-89ca-53001210c5b3;nsid=1668872345;c=1540456686444) storage eb54e454-e9a6-4d56-afb6-1b1810b95b96
2018-10-26 05:44:44,521 INFO org.apache.hadoop.net.NetworkTopology: Adding a new node: /default-rack/172.21.0.2:9866
2018-10-26 05:44:44,522 INFO org.apache.hadoop.hdfs.server.blockmanagement.BlockReportLeaseManager: Registered DN eb54e454-e9a6-4d56-afb6-1b1810b95b96 (172.21.0.2:9866).
2018-10-26 05:44:45,059 INFO org.apache.hadoop.hdfs.server.blockmanagement.DatanodeDescriptor: Adding new storage ID DS-0e77c985-c721-44aa-89e6-de67b3471d89 for DN 172.21.0.2:9866
2018-10-26 05:44:45,516 INFO BlockStateChange: BLOCK* processReport 0xa88bd5b364c81ad4: Processing first storage report for DS-0e77c985-c721-44aa-89e6-de67b3471d89 from datanode eb54e454-e9a6-4d56-afb6-1b1810b95b96
2018-10-26 05:44:45,534 INFO org.apache.hadoop.hdfs.server.blockmanagement.BlockManager: initializing replication queues
2018-10-26 05:44:45,542 INFO org.apache.hadoop.hdfs.StateChange: STATE* Safe mode extension entered. 
The reported blocks 48 has reached the threshold 0.9990 of total blocks 49. The number of live datanodes 1 has reached the minimum number 0. In safe mode extension. Safe mode will be turned off automatically in 29 seconds.
2018-10-26 05:44:45,548 INFO BlockStateChange: BLOCK* processReport 0xa88bd5b364c81ad4: from storage DS-0e77c985-c721-44aa-89e6-de67b3471d89 node DatanodeRegistration(172.21.0.2:9866, datanodeUuid=eb54e454-e9a6-4d56-afb6-1b1810b95b96, infoPort=9864, infoSecurePort=0, ipcPort=9867, storageInfo=lv=-57;cid=CID-d4ae2fc3-78d3-4c10-89ca-53001210c5b3;nsid=1668872345;c=1540456686444), blocks: 49, hasStaleStorage: false, processing time: 29 msecs, invalidatedBlocks: 0
2018-10-26 05:44:45,566 INFO org.apache.hadoop.hdfs.server.blockmanagement.BlockManager: Total number of blocks            = 49
2018-10-26 05:44:45,566 INFO org.apache.hadoop.hdfs.server.blockmanagement.BlockManager: Number of invalid blocks          = 0
2018-10-26 05:44:45,566 INFO org.apache.hadoop.hdfs.server.blockmanagement.BlockManager: Number of under-replicated blocks = 0
2018-10-26 05:44:45,566 INFO org.apache.hadoop.hdfs.server.blockmanagement.BlockManager: Number of  over-replicated blocks = 0
2018-10-26 05:44:45,566 INFO org.apache.hadoop.hdfs.server.blockmanagement.BlockManager: Number of blocks being written    = 0
2018-10-26 05:44:45,567 INFO org.apache.hadoop.hdfs.StateChange: STATE* Replication Queue initialization scan for invalid, over- and under-replicated blocks completed in 7 msec
2018-10-26 05:45:05,582 INFO org.apache.hadoop.hdfs.StateChange: STATE* Safe mode ON, in safe mode extension. 
The reported blocks 49 has reached the threshold 0.9990 of total blocks 49. The number of live datanodes 1 has reached the minimum number 0. In safe mode extension. Safe mode will be turned off automatically in 9 seconds.
2018-10-26 05:45:15,610 INFO org.apache.hadoop.hdfs.StateChange: STATE* Safe mode is OFF
2018-10-26 05:45:15,611 INFO org.apache.hadoop.hdfs.StateChange: STATE* Leaving safe mode after 33 secs
2018-10-26 05:45:15,611 INFO org.apache.hadoop.hdfs.StateChange: STATE* Network topology has 1 racks and 1 datanodes
2018-10-26 05:45:15,611 INFO org.apache.hadoop.hdfs.StateChange: STATE* UnderReplicatedBlocks has 0 blocks
2018-10-26 05:45:32,117 INFO org.apache.hadoop.hdfs.server.namenode.FSNamesystem: Roll Edit Log from 172.21.0.3
2018-10-26 05:45:32,118 INFO org.apache.hadoop.hdfs.server.namenode.FSEditLog: Rolling edit logs
2018-10-26 05:45:32,118 INFO org.apache.hadoop.hdfs.server.namenode.FSEditLog: Ending log segment 791, 791
2018-10-26 05:45:32,119 INFO org.apache.hadoop.hdfs.server.namenode.FSEditLog: Number of transactions: 2 Total time for transactions(ms): 1 Number of transactions batched in Syncs: 790 Number of syncs: 2 SyncTimes(ms): 263 
2018-10-26 05:45:32,136 INFO org.apache.hadoop.hdfs.server.namenode.FSEditLog: Number of transactions: 2 Total time for transactions(ms): 1 Number of transactions batched in Syncs: 790 Number of syncs: 3 SyncTimes(ms): 280 
2018-10-26 05:45:32,139 INFO org.apache.hadoop.hdfs.server.namenode.FileJournalManager: Finalizing edits file /tmp/hadoop-root/dfs/name/current/edits_inprogress_0000000000000000791 -> /tmp/hadoop-root/dfs/name/current/edits_0000000000000000791-0000000000000000792
2018-10-26 05:45:32,139 INFO org.apache.hadoop.hdfs.server.namenode.FSEditLog: Starting log segment at 793
2018-10-26 05:45:32,804 INFO org.apache.hadoop.hdfs.server.namenode.TransferFsImage: Sending fileName: /tmp/hadoop-root/dfs/name/current/fsimage_0000000000000000790, fileSize: 6809. Sent total: 6809 bytes. Size of last segment intended to send: -1 bytes.
2018-10-26 05:45:33,033 INFO org.apache.hadoop.hdfs.server.namenode.TransferFsImage: Sending fileName: /tmp/hadoop-root/dfs/name/current/edits_0000000000000000791-0000000000000000792, fileSize: 42. Sent total: 42 bytes. Size of last segment intended to send: -1 bytes.
2018-10-26 05:45:34,325 INFO org.apache.hadoop.hdfs.server.common.Util: Combined time for file download and fsync to all disks took 0.01s. The file download took 0.01s at 857.14 KB/s. Synchronous (fsync) write to disk of /tmp/hadoop-root/dfs/name/current/fsimage.ckpt_0000000000000000792 took 0.00s.
2018-10-26 05:45:34,325 INFO org.apache.hadoop.hdfs.server.namenode.TransferFsImage: Downloaded file fsimage.ckpt_0000000000000000792 size 6809 bytes.
2018-10-26 05:45:34,349 INFO org.apache.hadoop.hdfs.server.namenode.NNStorageRetentionManager: Going to retain 2 images with txid >= 790
2018-10-26 05:45:34,350 INFO org.apache.hadoop.hdfs.server.namenode.NNStorageRetentionManager: Purging old image FSImageFile(file=/tmp/hadoop-root/dfs/name/current/fsimage_0000000000000000646, cpktTxId=0000000000000000646)
2018-10-26 06:45:35,131 INFO org.apache.hadoop.hdfs.server.namenode.FSNamesystem: Roll Edit Log from 172.21.0.3
2018-10-26 06:45:35,133 INFO org.apache.hadoop.hdfs.server.namenode.FSEditLog: Rolling edit logs
2018-10-26 06:45:35,134 INFO org.apache.hadoop.hdfs.server.namenode.FSEditLog: Ending log segment 793, 795
2018-10-26 06:45:35,135 INFO org.apache.hadoop.hdfs.server.namenode.FSEditLog: Number of transactions: 4 Total time for transactions(ms): 1 Number of transactions batched in Syncs: 0 Number of syncs: 4 SyncTimes(ms): 97 
2018-10-26 06:45:35,168 INFO org.apache.hadoop.hdfs.server.namenode.FSEditLog: Number of transactions: 4 Total time for transactions(ms): 1 Number of transactions batched in Syncs: 0 Number of syncs: 5 SyncTimes(ms): 129 
2018-10-26 06:45:35,170 INFO org.apache.hadoop.hdfs.server.namenode.FileJournalManager: Finalizing edits file /tmp/hadoop-root/dfs/name/current/edits_inprogress_0000000000000000793 -> /tmp/hadoop-root/dfs/name/current/edits_0000000000000000793-0000000000000000796
2018-10-26 06:45:35,170 INFO org.apache.hadoop.hdfs.server.namenode.FSEditLog: Starting log segment at 797
2018-10-26 06:45:35,402 INFO org.apache.hadoop.hdfs.server.namenode.TransferFsImage: Sending fileName: /tmp/hadoop-root/dfs/name/current/edits_0000000000000000793-0000000000000000796, fileSize: 168. Sent total: 168 bytes. Size of last segment intended to send: -1 bytes.
2018-10-26 06:45:36,091 INFO org.apache.hadoop.hdfs.server.common.Util: Combined time for file download and fsync to all disks took 0.00s. The file download took 0.00s at 6000.00 KB/s. Synchronous (fsync) write to disk of /tmp/hadoop-root/dfs/name/current/fsimage.ckpt_0000000000000000796 took 0.00s.
2018-10-26 06:45:36,091 INFO org.apache.hadoop.hdfs.server.namenode.TransferFsImage: Downloaded file fsimage.ckpt_0000000000000000796 size 6809 bytes.
2018-10-26 06:45:36,172 INFO org.apache.hadoop.hdfs.server.namenode.NNStorageRetentionManager: Going to retain 2 images with txid >= 792
2018-10-26 06:45:36,173 INFO org.apache.hadoop.hdfs.server.namenode.NNStorageRetentionManager: Purging old image FSImageFile(file=/tmp/hadoop-root/dfs/name/current/fsimage_0000000000000000790, cpktTxId=0000000000000000790)
2018-10-26 07:45:36,942 INFO org.apache.hadoop.hdfs.server.namenode.FSNamesystem: Roll Edit Log from 172.21.0.3
2018-10-26 07:45:36,942 INFO org.apache.hadoop.hdfs.server.namenode.FSEditLog: Rolling edit logs
2018-10-26 07:45:36,942 INFO org.apache.hadoop.hdfs.server.namenode.FSEditLog: Ending log segment 797, 797
2018-10-26 07:45:36,944 INFO org.apache.hadoop.hdfs.server.namenode.FSEditLog: Number of transactions: 2 Total time for transactions(ms): 3 Number of transactions batched in Syncs: 0 Number of syncs: 2 SyncTimes(ms): 167 
2018-10-26 07:45:36,954 INFO org.apache.hadoop.hdfs.server.namenode.FSEditLog: Number of transactions: 2 Total time for transactions(ms): 3 Number of transactions batched in Syncs: 0 Number of syncs: 3 SyncTimes(ms): 175 
2018-10-26 07:45:36,960 INFO org.apache.hadoop.hdfs.server.namenode.FileJournalManager: Finalizing edits file /tmp/hadoop-root/dfs/name/current/edits_inprogress_0000000000000000797 -> /tmp/hadoop-root/dfs/name/current/edits_0000000000000000797-0000000000000000798
2018-10-26 07:45:36,960 INFO org.apache.hadoop.hdfs.server.namenode.FSEditLog: Starting log segment at 799
2018-10-26 07:45:37,049 INFO org.apache.hadoop.hdfs.server.namenode.TransferFsImage: Sending fileName: /tmp/hadoop-root/dfs/name/current/edits_0000000000000000797-0000000000000000798, fileSize: 42. Sent total: 42 bytes. Size of last segment intended to send: -1 bytes.
2018-10-26 07:45:37,251 INFO org.apache.hadoop.hdfs.server.common.Util: Combined time for file download and fsync to all disks took 0.00s. The file download took 0.00s at 6000.00 KB/s. Synchronous (fsync) write to disk of /tmp/hadoop-root/dfs/name/current/fsimage.ckpt_0000000000000000798 took 0.00s.
2018-10-26 07:45:37,252 INFO org.apache.hadoop.hdfs.server.namenode.TransferFsImage: Downloaded file fsimage.ckpt_0000000000000000798 size 6809 bytes.
2018-10-26 07:45:37,304 INFO org.apache.hadoop.hdfs.server.namenode.NNStorageRetentionManager: Going to retain 2 images with txid >= 796
2018-10-26 07:45:37,304 INFO org.apache.hadoop.hdfs.server.namenode.NNStorageRetentionManager: Purging old image FSImageFile(file=/tmp/hadoop-root/dfs/name/current/fsimage_0000000000000000792, cpktTxId=0000000000000000792)
2018-10-26 08:45:37,917 INFO org.apache.hadoop.hdfs.server.namenode.FSNamesystem: Roll Edit Log from 172.21.0.3
2018-10-26 08:45:37,917 INFO org.apache.hadoop.hdfs.server.namenode.FSEditLog: Rolling edit logs
2018-10-26 08:45:37,917 INFO org.apache.hadoop.hdfs.server.namenode.FSEditLog: Ending log segment 799, 799
2018-10-26 08:45:37,922 INFO org.apache.hadoop.hdfs.server.namenode.FSEditLog: Number of transactions: 2 Total time for transactions(ms): 1 Number of transactions batched in Syncs: 0 Number of syncs: 2 SyncTimes(ms): 22 
2018-10-26 08:45:37,939 INFO org.apache.hadoop.hdfs.server.namenode.FSEditLog: Number of transactions: 2 Total time for transactions(ms): 1 Number of transactions batched in Syncs: 0 Number of syncs: 3 SyncTimes(ms): 39 
2018-10-26 08:45:37,941 INFO org.apache.hadoop.hdfs.server.namenode.FileJournalManager: Finalizing edits file /tmp/hadoop-root/dfs/name/current/edits_inprogress_0000000000000000799 -> /tmp/hadoop-root/dfs/name/current/edits_0000000000000000799-0000000000000000800
2018-10-26 08:45:37,941 INFO org.apache.hadoop.hdfs.server.namenode.FSEditLog: Starting log segment at 801
2018-10-26 08:45:38,025 INFO org.apache.hadoop.hdfs.server.namenode.TransferFsImage: Sending fileName: /tmp/hadoop-root/dfs/name/current/edits_0000000000000000799-0000000000000000800, fileSize: 42. Sent total: 42 bytes. Size of last segment intended to send: -1 bytes.
2018-10-26 08:45:38,287 INFO org.apache.hadoop.hdfs.server.common.Util: Combined time for file download and fsync to all disks took 0.00s. The file download took 0.00s at 6000.00 KB/s. Synchronous (fsync) write to disk of /tmp/hadoop-root/dfs/name/current/fsimage.ckpt_0000000000000000800 took 0.00s.
2018-10-26 08:45:38,287 INFO org.apache.hadoop.hdfs.server.namenode.TransferFsImage: Downloaded file fsimage.ckpt_0000000000000000800 size 6809 bytes.
2018-10-26 08:45:38,376 INFO org.apache.hadoop.hdfs.server.namenode.NNStorageRetentionManager: Going to retain 2 images with txid >= 798
2018-10-26 08:45:38,376 INFO org.apache.hadoop.hdfs.server.namenode.NNStorageRetentionManager: Purging old image FSImageFile(file=/tmp/hadoop-root/dfs/name/current/fsimage_0000000000000000796, cpktTxId=0000000000000000796)
2018-10-26 08:49:09,293 INFO BlockStateChange: BLOCK* processReport 0xa88bd5b364c81ad5: from storage DS-0e77c985-c721-44aa-89e6-de67b3471d89 node DatanodeRegistration(172.21.0.2:9866, datanodeUuid=eb54e454-e9a6-4d56-afb6-1b1810b95b96, infoPort=9864, infoSecurePort=0, ipcPort=9867, storageInfo=lv=-57;cid=CID-d4ae2fc3-78d3-4c10-89ca-53001210c5b3;nsid=1668872345;c=1540456686444), blocks: 49, hasStaleStorage: false, processing time: 2 msecs, invalidatedBlocks: 0
2018-10-26 09:45:16,905 WARN org.apache.hadoop.util.JvmPauseMonitor: Detected pause in JVM or host machine (eg GC): pause of approximately 12193ms
No GCs detected
2018-10-29 01:13:52,418 INFO org.apache.hadoop.hdfs.server.namenode.FSNamesystem: Roll Edit Log from 172.21.0.3
2018-10-29 01:13:52,418 INFO org.apache.hadoop.hdfs.server.namenode.FSEditLog: Rolling edit logs
2018-10-29 01:13:52,418 INFO org.apache.hadoop.hdfs.server.namenode.FSEditLog: Ending log segment 801, 801
2018-10-29 01:13:52,419 INFO org.apache.hadoop.hdfs.server.namenode.FSEditLog: Number of transactions: 2 Total time for transactions(ms): 2 Number of transactions batched in Syncs: 0 Number of syncs: 2 SyncTimes(ms): 29 
2018-10-29 01:13:52,439 INFO org.apache.hadoop.hdfs.server.namenode.FSEditLog: Number of transactions: 2 Total time for transactions(ms): 2 Number of transactions batched in Syncs: 0 Number of syncs: 3 SyncTimes(ms): 48 
2018-10-29 01:13:52,440 INFO org.apache.hadoop.hdfs.server.namenode.FileJournalManager: Finalizing edits file /tmp/hadoop-root/dfs/name/current/edits_inprogress_0000000000000000801 -> /tmp/hadoop-root/dfs/name/current/edits_0000000000000000801-0000000000000000802
2018-10-29 01:13:52,440 INFO org.apache.hadoop.hdfs.server.namenode.FSEditLog: Starting log segment at 803
2018-10-29 01:13:52,545 INFO org.apache.hadoop.hdfs.server.namenode.TransferFsImage: Sending fileName: /tmp/hadoop-root/dfs/name/current/edits_0000000000000000801-0000000000000000802, fileSize: 42. Sent total: 42 bytes. Size of last segment intended to send: -1 bytes.
2018-10-29 01:13:52,746 INFO org.apache.hadoop.hdfs.server.common.Util: Combined time for file download and fsync to all disks took 0.00s. The file download took 0.00s at 6000.00 KB/s. Synchronous (fsync) write to disk of /tmp/hadoop-root/dfs/name/current/fsimage.ckpt_0000000000000000802 took 0.00s.
2018-10-29 01:13:52,746 INFO org.apache.hadoop.hdfs.server.namenode.TransferFsImage: Downloaded file fsimage.ckpt_0000000000000000802 size 6809 bytes.
2018-10-29 01:13:52,765 INFO org.apache.hadoop.hdfs.server.namenode.NNStorageRetentionManager: Going to retain 2 images with txid >= 800
2018-10-29 01:13:52,765 INFO org.apache.hadoop.hdfs.server.namenode.NNStorageRetentionManager: Purging old image FSImageFile(file=/tmp/hadoop-root/dfs/name/current/fsimage_0000000000000000798, cpktTxId=0000000000000000798)
