2018-10-26 05:44:52,738 INFO org.apache.hadoop.yarn.server.resourcemanager.ResourceManager: STARTUP_MSG: 
/************************************************************
STARTUP_MSG: Starting ResourceManager
STARTUP_MSG:   host = a4aec0a16d49/172.21.0.3
STARTUP_MSG:   args = []
STARTUP_MSG:   version = 3.1.1
STARTUP_MSG:   classpath = /usr/local/hadoop/etc/hadoop/:/usr/local/hadoop-3.1.1/share/hadoop/common/lib/commons-beanutils-1.9.3.jar:/usr/local/hadoop-3.1.1/share/hadoop/common/lib/jsr305-3.0.0.jar:/usr/local/hadoop-3.1.1/share/hadoop/common/lib/nimbus-jose-jwt-4.41.1.jar:/usr/local/hadoop-3.1.1/share/hadoop/common/lib/curator-framework-2.12.0.jar:/usr/local/hadoop-3.1.1/share/hadoop/common/lib/hadoop-annotations-3.1.1.jar:/usr/local/hadoop-3.1.1/share/hadoop/common/lib/protobuf-java-2.5.0.jar:/usr/local/hadoop-3.1.1/share/hadoop/common/lib/metrics-core-3.2.4.jar:/usr/local/hadoop-3.1.1/share/hadoop/common/lib/re2j-1.1.jar:/usr/local/hadoop-3.1.1/share/hadoop/common/lib/kerb-admin-1.0.1.jar:/usr/local/hadoop-3.1.1/share/hadoop/common/lib/accessors-smart-1.2.jar:/usr/local/hadoop-3.1.1/share/hadoop/common/lib/kerb-client-1.0.1.jar:/usr/local/hadoop-3.1.1/share/hadoop/common/lib/jersey-json-1.19.jar:/usr/local/hadoop-3.1.1/share/hadoop/common/lib/jackson-xc-1.9.13.jar:/usr/local/hadoop-3.1.1/share/hadoop/common/lib/javax.servlet-api-3.1.0.jar:/usr/local/hadoop-3.1.1/share/hadoop/common/lib/commons-lang-2.6.jar:/usr/local/hadoop-3.1.1/share/hadoop/common/lib/xz-1.0.jar:/usr/local/hadoop-3.1.1/share/hadoop/common/lib/commons-lang3-3.4.jar:/usr/local/hadoop-3.1.1/share/hadoop/common/lib/htrace-core4-4.1.0-incubating.jar:/usr/local/hadoop-3.1.1/share/hadoop/common/lib/jetty-server-9.3.19.v20170502.jar:/usr/local/hadoop-3.1.1/share/hadoop/common/lib/curator-recipes-2.12.0.jar:/usr/local/hadoop-3.1.1/share/hadoop/common/lib/curator-client-2.12.0.jar:/usr/local/hadoop-3.1.1/share/hadoop/common/lib/commons-collections-3.2.2.jar:/usr/local/hadoop-3.1.1/share/hadoop/common/lib/avro-1.7.7.jar:/usr/local/hadoop-3.1.1/share/hadoop/common/lib/snappy-java-1.0.5.jar:/usr/local/hadoop-3.1.1/share/hadoop/common/lib/jackson-jaxrs-1.9.13.jar:/usr/local/hadoop-3.1.1/share/hadoop/common/lib/kerb-crypto-1.0.1.jar:/usr/local/hadoop-3.1.1/share/hadoop/common/lib/gson-2.2.4.jar:/usr/local/hadoop-3.1.1/share/hadoop/common/lib/commons-configuration2-2.1.1.jar:/usr/local/hadoop-3.1.1/share/hadoop/common/lib/commons-cli-1.2.jar:/usr/local/hadoop-3.1.1/share/hadoop/common/lib/httpclient-4.5.2.jar:/usr/local/hadoop-3.1.1/share/hadoop/common/lib/jetty-xml-9.3.19.v20170502.jar:/usr/local/hadoop-3.1.1/share/hadoop/common/lib/jettison-1.1.jar:/usr/local/hadoop-3.1.1/share/hadoop/common/lib/jaxb-impl-2.2.3-1.jar:/usr/local/hadoop-3.1.1/share/hadoop/common/lib/jsr311-api-1.1.1.jar:/usr/local/hadoop-3.1.1/share/hadoop/common/lib/jackson-annotations-2.7.8.jar:/usr/local/hadoop-3.1.1/share/hadoop/common/lib/kerb-core-1.0.1.jar:/usr/local/hadoop-3.1.1/share/hadoop/common/lib/jetty-webapp-9.3.19.v20170502.jar:/usr/local/hadoop-3.1.1/share/hadoop/common/lib/kerby-xdr-1.0.1.jar:/usr/local/hadoop-3.1.1/share/hadoop/common/lib/httpcore-4.4.4.jar:/usr/local/hadoop-3.1.1/share/hadoop/common/lib/woodstox-core-5.0.3.jar:/usr/local/hadoop-3.1.1/share/hadoop/common/lib/jersey-core-1.19.jar:/usr/local/hadoop-3.1.1/share/hadoop/common/lib/log4j-1.2.17.jar:/usr/local/hadoop-3.1.1/share/hadoop/common/lib/kerb-identity-1.0.1.jar:/usr/local/hadoop-3.1.1/share/hadoop/common/lib/jackson-core-2.7.8.jar:/usr/local/hadoop-3.1.1/share/hadoop/common/lib/jsch-0.1.54.jar:/usr/local/hadoop-3.1.1/share/hadoop/common/lib/netty-3.10.5.Final.jar:/usr/local/hadoop-3.1.1/share/hadoop/common/lib/stax2-api-3.1.4.jar:/usr/local/hadoop-3.1.1/share/hadoop/common/lib/token-provider-1.0.1.jar:/usr/local/hadoop-3.1.1/share/hadoop/common/lib/kerby-util-1.0.1.jar:/usr/local/hadoop-3.1.1/share/hadoop/common/lib/jersey-servlet-1.19.jar:/usr/local/hadoop-3.1.1/share/hadoop/common/lib/jetty-security-9.3.19.v20170502.jar:/usr/local/hadoop-3.1.1/share/hadoop/common/lib/jetty-servlet-9.3.19.v20170502.jar:/usr/local/hadoop-3.1.1/share/hadoop/common/lib/kerb-common-1.0.1.jar:/usr/local/hadoop-3.1.1/share/hadoop/common/lib/commons-net-3.6.jar:/usr/local/hadoop-3.1.1/share/hadoop/common/lib/asm-5.0.4.jar:/usr/local/hadoop-3.1.1/share/hadoop/common/lib/kerb-simplekdc-1.0.1.jar:/usr/local/hadoop-3.1.1/share/hadoop/common/lib/zookeeper-3.4.9.jar:/usr/local/hadoop-3.1.1/share/hadoop/common/lib/kerby-asn1-1.0.1.jar:/usr/local/hadoop-3.1.1/share/hadoop/common/lib/commons-codec-1.11.jar:/usr/local/hadoop-3.1.1/share/hadoop/common/lib/paranamer-2.3.jar:/usr/local/hadoop-3.1.1/share/hadoop/common/lib/kerby-pkix-1.0.1.jar:/usr/local/hadoop-3.1.1/share/hadoop/common/lib/slf4j-api-1.7.25.jar:/usr/local/hadoop-3.1.1/share/hadoop/common/lib/jetty-util-9.3.19.v20170502.jar:/usr/local/hadoop-3.1.1/share/hadoop/common/lib/json-smart-2.3.jar:/usr/local/hadoop-3.1.1/share/hadoop/common/lib/hadoop-auth-3.1.1.jar:/usr/local/hadoop-3.1.1/share/hadoop/common/lib/jcip-annotations-1.0-1.jar:/usr/local/hadoop-3.1.1/share/hadoop/common/lib/kerb-util-1.0.1.jar:/usr/local/hadoop-3.1.1/share/hadoop/common/lib/jetty-io-9.3.19.v20170502.jar:/usr/local/hadoop-3.1.1/share/hadoop/common/lib/commons-math3-3.1.1.jar:/usr/local/hadoop-3.1.1/share/hadoop/common/lib/jetty-http-9.3.19.v20170502.jar:/usr/local/hadoop-3.1.1/share/hadoop/common/lib/jackson-mapper-asl-1.9.13.jar:/usr/local/hadoop-3.1.1/share/hadoop/common/lib/jaxb-api-2.2.11.jar:/usr/local/hadoop-3.1.1/share/hadoop/common/lib/jul-to-slf4j-1.7.25.jar:/usr/local/hadoop-3.1.1/share/hadoop/common/lib/commons-io-2.5.jar:/usr/local/hadoop-3.1.1/share/hadoop/common/lib/kerb-server-1.0.1.jar:/usr/local/hadoop-3.1.1/share/hadoop/common/lib/guava-11.0.2.jar:/usr/local/hadoop-3.1.1/share/hadoop/common/lib/commons-logging-1.1.3.jar:/usr/local/hadoop-3.1.1/share/hadoop/common/lib/kerby-config-1.0.1.jar:/usr/local/hadoop-3.1.1/share/hadoop/common/lib/slf4j-log4j12-1.7.25.jar:/usr/local/hadoop-3.1.1/share/hadoop/common/lib/jersey-server-1.19.jar:/usr/local/hadoop-3.1.1/share/hadoop/common/lib/jackson-core-asl-1.9.13.jar:/usr/local/hadoop-3.1.1/share/hadoop/common/lib/jsp-api-2.1.jar:/usr/local/hadoop-3.1.1/share/hadoop/common/lib/jackson-databind-2.7.8.jar:/usr/local/hadoop-3.1.1/share/hadoop/common/lib/commons-compress-1.4.1.jar:/usr/local/hadoop-3.1.1/share/hadoop/common/hadoop-nfs-3.1.1.jar:/usr/local/hadoop-3.1.1/share/hadoop/common/hadoop-kms-3.1.1.jar:/usr/local/hadoop-3.1.1/share/hadoop/common/hadoop-common-3.1.1-tests.jar:/usr/local/hadoop-3.1.1/share/hadoop/common/hadoop-common-3.1.1.jar:/usr/local/hadoop-3.1.1/share/hadoop/hdfs:/usr/local/hadoop-3.1.1/share/hadoop/hdfs/lib/commons-beanutils-1.9.3.jar:/usr/local/hadoop-3.1.1/share/hadoop/hdfs/lib/jsr305-3.0.0.jar:/usr/local/hadoop-3.1.1/share/hadoop/hdfs/lib/nimbus-jose-jwt-4.41.1.jar:/usr/local/hadoop-3.1.1/share/hadoop/hdfs/lib/curator-framework-2.12.0.jar:/usr/local/hadoop-3.1.1/share/hadoop/hdfs/lib/hadoop-annotations-3.1.1.jar:/usr/local/hadoop-3.1.1/share/hadoop/hdfs/lib/protobuf-java-2.5.0.jar:/usr/local/hadoop-3.1.1/share/hadoop/hdfs/lib/re2j-1.1.jar:/usr/local/hadoop-3.1.1/share/hadoop/hdfs/lib/kerb-admin-1.0.1.jar:/usr/local/hadoop-3.1.1/share/hadoop/hdfs/lib/accessors-smart-1.2.jar:/usr/local/hadoop-3.1.1/share/hadoop/hdfs/lib/jetty-util-ajax-9.3.19.v20170502.jar:/usr/local/hadoop-3.1.1/share/hadoop/hdfs/lib/commons-daemon-1.0.13.jar:/usr/local/hadoop-3.1.1/share/hadoop/hdfs/lib/kerb-client-1.0.1.jar:/usr/local/hadoop-3.1.1/share/hadoop/hdfs/lib/jersey-json-1.19.jar:/usr/local/hadoop-3.1.1/share/hadoop/hdfs/lib/jackson-xc-1.9.13.jar:/usr/local/hadoop-3.1.1/share/hadoop/hdfs/lib/javax.servlet-api-3.1.0.jar:/usr/local/hadoop-3.1.1/share/hadoop/hdfs/lib/commons-lang-2.6.jar:/usr/local/hadoop-3.1.1/share/hadoop/hdfs/lib/xz-1.0.jar:/usr/local/hadoop-3.1.1/share/hadoop/hdfs/lib/commons-lang3-3.4.jar:/usr/local/hadoop-3.1.1/share/hadoop/hdfs/lib/htrace-core4-4.1.0-incubating.jar:/usr/local/hadoop-3.1.1/share/hadoop/hdfs/lib/jetty-server-9.3.19.v20170502.jar:/usr/local/hadoop-3.1.1/share/hadoop/hdfs/lib/curator-recipes-2.12.0.jar:/usr/local/hadoop-3.1.1/share/hadoop/hdfs/lib/curator-client-2.12.0.jar:/usr/local/hadoop-3.1.1/share/hadoop/hdfs/lib/commons-collections-3.2.2.jar:/usr/local/hadoop-3.1.1/share/hadoop/hdfs/lib/avro-1.7.7.jar:/usr/local/hadoop-3.1.1/share/hadoop/hdfs/lib/snappy-java-1.0.5.jar:/usr/local/hadoop-3.1.1/share/hadoop/hdfs/lib/jackson-jaxrs-1.9.13.jar:/usr/local/hadoop-3.1.1/share/hadoop/hdfs/lib/leveldbjni-all-1.8.jar:/usr/local/hadoop-3.1.1/share/hadoop/hdfs/lib/kerb-crypto-1.0.1.jar:/usr/local/hadoop-3.1.1/share/hadoop/hdfs/lib/gson-2.2.4.jar:/usr/local/hadoop-3.1.1/share/hadoop/hdfs/lib/commons-configuration2-2.1.1.jar:/usr/local/hadoop-3.1.1/share/hadoop/hdfs/lib/commons-cli-1.2.jar:/usr/local/hadoop-3.1.1/share/hadoop/hdfs/lib/httpclient-4.5.2.jar:/usr/local/hadoop-3.1.1/share/hadoop/hdfs/lib/jetty-xml-9.3.19.v20170502.jar:/usr/local/hadoop-3.1.1/share/hadoop/hdfs/lib/jettison-1.1.jar:/usr/local/hadoop-3.1.1/share/hadoop/hdfs/lib/jaxb-impl-2.2.3-1.jar:/usr/local/hadoop-3.1.1/share/hadoop/hdfs/lib/jsr311-api-1.1.1.jar:/usr/local/hadoop-3.1.1/share/hadoop/hdfs/lib/jackson-annotations-2.7.8.jar:/usr/local/hadoop-3.1.1/share/hadoop/hdfs/lib/kerb-core-1.0.1.jar:/usr/local/hadoop-3.1.1/share/hadoop/hdfs/lib/jetty-webapp-9.3.19.v20170502.jar:/usr/local/hadoop-3.1.1/share/hadoop/hdfs/lib/kerby-xdr-1.0.1.jar:/usr/local/hadoop-3.1.1/share/hadoop/hdfs/lib/httpcore-4.4.4.jar:/usr/local/hadoop-3.1.1/share/hadoop/hdfs/lib/woodstox-core-5.0.3.jar:/usr/local/hadoop-3.1.1/share/hadoop/hdfs/lib/jersey-core-1.19.jar:/usr/local/hadoop-3.1.1/share/hadoop/hdfs/lib/log4j-1.2.17.jar:/usr/local/hadoop-3.1.1/share/hadoop/hdfs/lib/kerb-identity-1.0.1.jar:/usr/local/hadoop-3.1.1/share/hadoop/hdfs/lib/jackson-core-2.7.8.jar:/usr/local/hadoop-3.1.1/share/hadoop/hdfs/lib/jsch-0.1.54.jar:/usr/local/hadoop-3.1.1/share/hadoop/hdfs/lib/netty-all-4.0.52.Final.jar:/usr/local/hadoop-3.1.1/share/hadoop/hdfs/lib/netty-3.10.5.Final.jar:/usr/local/hadoop-3.1.1/share/hadoop/hdfs/lib/stax2-api-3.1.4.jar:/usr/local/hadoop-3.1.1/share/hadoop/hdfs/lib/token-provider-1.0.1.jar:/usr/local/hadoop-3.1.1/share/hadoop/hdfs/lib/kerby-util-1.0.1.jar:/usr/local/hadoop-3.1.1/share/hadoop/hdfs/lib/jersey-servlet-1.19.jar:/usr/local/hadoop-3.1.1/share/hadoop/hdfs/lib/jetty-security-9.3.19.v20170502.jar:/usr/local/hadoop-3.1.1/share/hadoop/hdfs/lib/jetty-servlet-9.3.19.v20170502.jar:/usr/local/hadoop-3.1.1/share/hadoop/hdfs/lib/kerb-common-1.0.1.jar:/usr/local/hadoop-3.1.1/share/hadoop/hdfs/lib/commons-net-3.6.jar:/usr/local/hadoop-3.1.1/share/hadoop/hdfs/lib/asm-5.0.4.jar:/usr/local/hadoop-3.1.1/share/hadoop/hdfs/lib/kerb-simplekdc-1.0.1.jar:/usr/local/hadoop-3.1.1/share/hadoop/hdfs/lib/zookeeper-3.4.9.jar:/usr/local/hadoop-3.1.1/share/hadoop/hdfs/lib/kerby-asn1-1.0.1.jar:/usr/local/hadoop-3.1.1/share/hadoop/hdfs/lib/commons-codec-1.11.jar:/usr/local/hadoop-3.1.1/share/hadoop/hdfs/lib/paranamer-2.3.jar:/usr/local/hadoop-3.1.1/share/hadoop/hdfs/lib/kerby-pkix-1.0.1.jar:/usr/local/hadoop-3.1.1/share/hadoop/hdfs/lib/okhttp-2.7.5.jar:/usr/local/hadoop-3.1.1/share/hadoop/hdfs/lib/json-simple-1.1.1.jar:/usr/local/hadoop-3.1.1/share/hadoop/hdfs/lib/jetty-util-9.3.19.v20170502.jar:/usr/local/hadoop-3.1.1/share/hadoop/hdfs/lib/json-smart-2.3.jar:/usr/local/hadoop-3.1.1/share/hadoop/hdfs/lib/hadoop-auth-3.1.1.jar:/usr/local/hadoop-3.1.1/share/hadoop/hdfs/lib/jcip-annotations-1.0-1.jar:/usr/local/hadoop-3.1.1/share/hadoop/hdfs/lib/kerb-util-1.0.1.jar:/usr/local/hadoop-3.1.1/share/hadoop/hdfs/lib/jetty-io-9.3.19.v20170502.jar:/usr/local/hadoop-3.1.1/share/hadoop/hdfs/lib/commons-math3-3.1.1.jar:/usr/local/hadoop-3.1.1/share/hadoop/hdfs/lib/jetty-http-9.3.19.v20170502.jar:/usr/local/hadoop-3.1.1/share/hadoop/hdfs/lib/jackson-mapper-asl-1.9.13.jar:/usr/local/hadoop-3.1.1/share/hadoop/hdfs/lib/jaxb-api-2.2.11.jar:/usr/local/hadoop-3.1.1/share/hadoop/hdfs/lib/commons-io-2.5.jar:/usr/local/hadoop-3.1.1/share/hadoop/hdfs/lib/kerb-server-1.0.1.jar:/usr/local/hadoop-3.1.1/share/hadoop/hdfs/lib/guava-11.0.2.jar:/usr/local/hadoop-3.1.1/share/hadoop/hdfs/lib/commons-logging-1.1.3.jar:/usr/local/hadoop-3.1.1/share/hadoop/hdfs/lib/kerby-config-1.0.1.jar:/usr/local/hadoop-3.1.1/share/hadoop/hdfs/lib/jersey-server-1.19.jar:/usr/local/hadoop-3.1.1/share/hadoop/hdfs/lib/jackson-core-asl-1.9.13.jar:/usr/local/hadoop-3.1.1/share/hadoop/hdfs/lib/okio-1.6.0.jar:/usr/local/hadoop-3.1.1/share/hadoop/hdfs/lib/jackson-databind-2.7.8.jar:/usr/local/hadoop-3.1.1/share/hadoop/hdfs/lib/commons-compress-1.4.1.jar:/usr/local/hadoop-3.1.1/share/hadoop/hdfs/hadoop-hdfs-client-3.1.1-tests.jar:/usr/local/hadoop-3.1.1/share/hadoop/hdfs/hadoop-hdfs-rbf-3.1.1.jar:/usr/local/hadoop-3.1.1/share/hadoop/hdfs/hadoop-hdfs-native-client-3.1.1.jar:/usr/local/hadoop-3.1.1/share/hadoop/hdfs/hadoop-hdfs-nfs-3.1.1.jar:/usr/local/hadoop-3.1.1/share/hadoop/hdfs/hadoop-hdfs-3.1.1.jar:/usr/local/hadoop-3.1.1/share/hadoop/hdfs/hadoop-hdfs-httpfs-3.1.1.jar:/usr/local/hadoop-3.1.1/share/hadoop/hdfs/hadoop-hdfs-3.1.1-tests.jar:/usr/local/hadoop-3.1.1/share/hadoop/hdfs/hadoop-hdfs-rbf-3.1.1-tests.jar:/usr/local/hadoop-3.1.1/share/hadoop/hdfs/hadoop-hdfs-client-3.1.1.jar:/usr/local/hadoop-3.1.1/share/hadoop/hdfs/hadoop-hdfs-native-client-3.1.1-tests.jar:/usr/local/hadoop-3.1.1/share/hadoop/mapreduce/lib/hamcrest-core-1.3.jar:/usr/local/hadoop-3.1.1/share/hadoop/mapreduce/lib/junit-4.11.jar:/usr/local/hadoop-3.1.1/share/hadoop/mapreduce/hadoop-mapreduce-client-hs-3.1.1.jar:/usr/local/hadoop-3.1.1/share/hadoop/mapreduce/hadoop-mapreduce-client-jobclient-3.1.1-tests.jar:/usr/local/hadoop-3.1.1/share/hadoop/mapreduce/hadoop-mapreduce-client-nativetask-3.1.1.jar:/usr/local/hadoop-3.1.1/share/hadoop/mapreduce/hadoop-mapreduce-client-hs-plugins-3.1.1.jar:/usr/local/hadoop-3.1.1/share/hadoop/mapreduce/hadoop-mapreduce-client-uploader-3.1.1.jar:/usr/local/hadoop-3.1.1/share/hadoop/mapreduce/hadoop-mapreduce-client-common-3.1.1.jar:/usr/local/hadoop-3.1.1/share/hadoop/mapreduce/hadoop-mapreduce-client-app-3.1.1.jar:/usr/local/hadoop-3.1.1/share/hadoop/mapreduce/hadoop-mapreduce-client-shuffle-3.1.1.jar:/usr/local/hadoop-3.1.1/share/hadoop/mapreduce/hadoop-mapreduce-client-core-3.1.1.jar:/usr/local/hadoop-3.1.1/share/hadoop/mapreduce/hadoop-mapreduce-client-jobclient-3.1.1.jar:/usr/local/hadoop-3.1.1/share/hadoop/mapreduce/hadoop-mapreduce-examples-3.1.1.jar:/usr/local/hadoop-3.1.1/share/hadoop/yarn:/usr/local/hadoop-3.1.1/share/hadoop/yarn/lib/metrics-core-3.2.4.jar:/usr/local/hadoop-3.1.1/share/hadoop/yarn/lib/snakeyaml-1.16.jar:/usr/local/hadoop-3.1.1/share/hadoop/yarn/lib/geronimo-jcache_1.0_spec-1.0-alpha-1.jar:/usr/local/hadoop-3.1.1/share/hadoop/yarn/lib/javax.inject-1.jar:/usr/local/hadoop-3.1.1/share/hadoop/yarn/lib/aopalliance-1.0.jar:/usr/local/hadoop-3.1.1/share/hadoop/yarn/lib/jackson-module-jaxb-annotations-2.7.8.jar:/usr/local/hadoop-3.1.1/share/hadoop/yarn/lib/jersey-client-1.19.jar:/usr/local/hadoop-3.1.1/share/hadoop/yarn/lib/mssql-jdbc-6.2.1.jre7.jar:/usr/local/hadoop-3.1.1/share/hadoop/yarn/lib/swagger-annotations-1.5.4.jar:/usr/local/hadoop-3.1.1/share/hadoop/yarn/lib/jackson-jaxrs-json-provider-2.7.8.jar:/usr/local/hadoop-3.1.1/share/hadoop/yarn/lib/dnsjava-2.1.7.jar:/usr/local/hadoop-3.1.1/share/hadoop/yarn/lib/objenesis-1.0.jar:/usr/local/hadoop-3.1.1/share/hadoop/yarn/lib/json-io-2.5.1.jar:/usr/local/hadoop-3.1.1/share/hadoop/yarn/lib/guice-servlet-4.0.jar:/usr/local/hadoop-3.1.1/share/hadoop/yarn/lib/jackson-jaxrs-base-2.7.8.jar:/usr/local/hadoop-3.1.1/share/hadoop/yarn/lib/java-util-1.9.0.jar:/usr/local/hadoop-3.1.1/share/hadoop/yarn/lib/ehcache-3.3.1.jar:/usr/local/hadoop-3.1.1/share/hadoop/yarn/lib/jersey-guice-1.19.jar:/usr/local/hadoop-3.1.1/share/hadoop/yarn/lib/fst-2.50.jar:/usr/local/hadoop-3.1.1/share/hadoop/yarn/lib/HikariCP-java7-2.4.12.jar:/usr/local/hadoop-3.1.1/share/hadoop/yarn/lib/guice-4.0.jar:/usr/local/hadoop-3.1.1/share/hadoop/yarn/hadoop-yarn-server-tests-3.1.1.jar:/usr/local/hadoop-3.1.1/share/hadoop/yarn/hadoop-yarn-registry-3.1.1.jar:/usr/local/hadoop-3.1.1/share/hadoop/yarn/hadoop-yarn-applications-unmanaged-am-launcher-3.1.1.jar:/usr/local/hadoop-3.1.1/share/hadoop/yarn/hadoop-yarn-services-api-3.1.1.jar:/usr/local/hadoop-3.1.1/share/hadoop/yarn/hadoop-yarn-server-resourcemanager-3.1.1.jar:/usr/local/hadoop-3.1.1/share/hadoop/yarn/hadoop-yarn-client-3.1.1.jar:/usr/local/hadoop-3.1.1/share/hadoop/yarn/hadoop-yarn-server-applicationhistoryservice-3.1.1.jar:/usr/local/hadoop-3.1.1/share/hadoop/yarn/hadoop-yarn-server-timeline-pluginstorage-3.1.1.jar:/usr/local/hadoop-3.1.1/share/hadoop/yarn/hadoop-yarn-common-3.1.1.jar:/usr/local/hadoop-3.1.1/share/hadoop/yarn/hadoop-yarn-server-router-3.1.1.jar:/usr/local/hadoop-3.1.1/share/hadoop/yarn/hadoop-yarn-applications-distributedshell-3.1.1.jar:/usr/local/hadoop-3.1.1/share/hadoop/yarn/hadoop-yarn-services-core-3.1.1.jar:/usr/local/hadoop-3.1.1/share/hadoop/yarn/hadoop-yarn-server-common-3.1.1.jar:/usr/local/hadoop-3.1.1/share/hadoop/yarn/hadoop-yarn-api-3.1.1.jar:/usr/local/hadoop-3.1.1/share/hadoop/yarn/hadoop-yarn-server-nodemanager-3.1.1.jar:/usr/local/hadoop-3.1.1/share/hadoop/yarn/hadoop-yarn-server-sharedcachemanager-3.1.1.jar:/usr/local/hadoop-3.1.1/share/hadoop/yarn/hadoop-yarn-server-web-proxy-3.1.1.jar:/usr/local/hadoop-3.1.1/share/hadoop/yarn/timelineservice/hadoop-yarn-server-timelineservice-hbase-common-3.1.1.jar:/usr/local/hadoop-3.1.1/share/hadoop/yarn/timelineservice/hadoop-yarn-server-timelineservice-hbase-client-3.1.1.jar:/usr/local/hadoop-3.1.1/share/hadoop/yarn/timelineservice/hadoop-yarn-server-timelineservice-hbase-coprocessor-3.1.1.jar:/usr/local/hadoop-3.1.1/share/hadoop/yarn/timelineservice/hadoop-yarn-server-timelineservice-3.1.1.jar:/usr/local/hadoop-3.1.1/share/hadoop/yarn/timelineservice/lib/htrace-core-3.1.0-incubating.jar:/usr/local/hadoop-3.1.1/share/hadoop/yarn/timelineservice/lib/jcodings-1.0.13.jar:/usr/local/hadoop-3.1.1/share/hadoop/yarn/timelineservice/lib/joni-2.1.2.jar:/usr/local/hadoop-3.1.1/share/hadoop/yarn/timelineservice/lib/hbase-annotations-1.2.6.jar:/usr/local/hadoop-3.1.1/share/hadoop/yarn/timelineservice/lib/hbase-client-1.2.6.jar:/usr/local/hadoop-3.1.1/share/hadoop/yarn/timelineservice/lib/hbase-protocol-1.2.6.jar:/usr/local/hadoop-3.1.1/share/hadoop/yarn/timelineservice/lib/commons-csv-1.0.jar:/usr/local/hadoop-3.1.1/share/hadoop/yarn/timelineservice/lib/metrics-core-2.2.0.jar:/usr/local/hadoop-3.1.1/share/hadoop/yarn/timelineservice/lib/hbase-common-1.2.6.jar:/usr/local/hadoop-3.1.1/contrib/capacity-scheduler/*.jar
STARTUP_MSG:   build = https://github.com/apache/hadoop -r 2b9a8c1d3a2caf1e733d57f346af3ff0d5ba529c; compiled by 'leftnoteasy' on 2018-08-02T04:26Z
STARTUP_MSG:   java = 1.8.0_191
************************************************************/
2018-10-26 05:44:52,788 INFO org.apache.hadoop.yarn.server.resourcemanager.ResourceManager: registered UNIX signal handlers for [TERM, HUP, INT]
2018-10-26 05:44:53,429 INFO org.apache.hadoop.conf.Configuration: found resource core-site.xml at file:/usr/local/hadoop-3.1.1/etc/hadoop/core-site.xml
2018-10-26 05:44:54,002 INFO org.apache.hadoop.conf.Configuration: resource-types.xml not found
2018-10-26 05:44:54,002 INFO org.apache.hadoop.yarn.util.resource.ResourceUtils: Unable to find 'resource-types.xml'.
2018-10-26 05:44:54,328 INFO org.apache.hadoop.conf.Configuration: found resource yarn-site.xml at file:/usr/local/hadoop-3.1.1/etc/hadoop/yarn-site.xml
2018-10-26 05:44:54,670 INFO org.apache.hadoop.yarn.event.AsyncDispatcher: Registering class org.apache.hadoop.yarn.server.resourcemanager.RMFatalEventType for class org.apache.hadoop.yarn.server.resourcemanager.ResourceManager$RMFatalEventDispatcher
2018-10-26 05:44:54,863 INFO org.apache.hadoop.yarn.server.resourcemanager.security.NMTokenSecretManagerInRM: NMTokenKeyRollingInterval: 86400000ms and NMTokenKeyActivationDelay: 900000ms
2018-10-26 05:44:54,890 INFO org.apache.hadoop.yarn.server.resourcemanager.security.RMContainerTokenSecretManager: ContainerTokenKeyRollingInterval: 86400000ms and ContainerTokenKeyActivationDelay: 900000ms
2018-10-26 05:44:54,896 INFO org.apache.hadoop.yarn.server.resourcemanager.security.AMRMTokenSecretManager: AMRMTokenKeyRollingInterval: 86400000ms and AMRMTokenKeyActivationDelay: 900000 ms
2018-10-26 05:44:55,121 INFO org.apache.hadoop.yarn.event.AsyncDispatcher: Registering class org.apache.hadoop.yarn.server.resourcemanager.recovery.RMStateStoreEventType for class org.apache.hadoop.yarn.server.resourcemanager.recovery.RMStateStore$ForwardingEventHandler
2018-10-26 05:44:55,141 INFO org.apache.hadoop.yarn.event.AsyncDispatcher: Registering class org.apache.hadoop.yarn.server.resourcemanager.NodesListManagerEventType for class org.apache.hadoop.yarn.server.resourcemanager.NodesListManager
2018-10-26 05:44:55,141 INFO org.apache.hadoop.yarn.server.resourcemanager.ResourceManager: Using Scheduler: org.apache.hadoop.yarn.server.resourcemanager.scheduler.capacity.CapacityScheduler
2018-10-26 05:44:55,336 INFO org.apache.hadoop.yarn.event.AsyncDispatcher: Registering class org.apache.hadoop.yarn.server.resourcemanager.scheduler.event.SchedulerEventType for class org.apache.hadoop.yarn.event.EventDispatcher
2018-10-26 05:44:55,347 INFO org.apache.hadoop.yarn.event.AsyncDispatcher: Registering class org.apache.hadoop.yarn.server.resourcemanager.rmapp.RMAppEventType for class org.apache.hadoop.yarn.server.resourcemanager.ResourceManager$ApplicationEventDispatcher
2018-10-26 05:44:55,357 INFO org.apache.hadoop.yarn.event.AsyncDispatcher: Registering class org.apache.hadoop.yarn.server.resourcemanager.rmapp.attempt.RMAppAttemptEventType for class org.apache.hadoop.yarn.server.resourcemanager.ResourceManager$ApplicationAttemptEventDispatcher
2018-10-26 05:44:55,362 INFO org.apache.hadoop.yarn.event.AsyncDispatcher: Registering class org.apache.hadoop.yarn.server.resourcemanager.rmnode.RMNodeEventType for class org.apache.hadoop.yarn.server.resourcemanager.ResourceManager$NodeEventDispatcher
2018-10-26 05:44:56,037 INFO org.apache.hadoop.metrics2.impl.MetricsConfig: loaded properties from hadoop-metrics2.properties
2018-10-26 05:44:56,224 INFO org.apache.hadoop.metrics2.impl.MetricsSystemImpl: Scheduled Metric snapshot period at 10 second(s).
2018-10-26 05:44:56,224 INFO org.apache.hadoop.metrics2.impl.MetricsSystemImpl: ResourceManager metrics system started
2018-10-26 05:44:56,298 INFO org.apache.hadoop.yarn.security.YarnAuthorizationProvider: org.apache.hadoop.yarn.security.ConfiguredYarnAuthorizer is instantiated.
2018-10-26 05:44:56,303 INFO org.apache.hadoop.yarn.event.AsyncDispatcher: Registering class org.apache.hadoop.yarn.server.resourcemanager.RMAppManagerEventType for class org.apache.hadoop.yarn.server.resourcemanager.RMAppManager
2018-10-26 05:44:56,347 INFO org.apache.hadoop.yarn.event.AsyncDispatcher: Registering class org.apache.hadoop.yarn.server.resourcemanager.amlauncher.AMLauncherEventType for class org.apache.hadoop.yarn.server.resourcemanager.amlauncher.ApplicationMasterLauncher
2018-10-26 05:44:56,360 INFO org.apache.hadoop.yarn.server.resourcemanager.RMNMInfo: Registered RMNMInfo MBean
2018-10-26 05:44:56,361 INFO org.apache.hadoop.yarn.server.resourcemanager.rmapp.monitor.RMAppLifetimeMonitor: Application lifelime monitor interval set to 3000 ms.
2018-10-26 05:44:56,613 INFO org.apache.hadoop.util.HostsFileReader: Refreshing hosts (include/exclude) list
2018-10-26 05:44:56,810 INFO org.apache.hadoop.conf.Configuration: found resource capacity-scheduler.xml at file:/usr/local/hadoop-3.1.1/etc/hadoop/capacity-scheduler.xml
2018-10-26 05:44:57,078 INFO org.apache.hadoop.yarn.server.resourcemanager.scheduler.AbstractYarnScheduler: Minimum allocation = <memory:2048, vCores:1>
2018-10-26 05:44:57,078 INFO org.apache.hadoop.yarn.server.resourcemanager.scheduler.AbstractYarnScheduler: Maximum allocation = <memory:4048, vCores:1>
2018-10-26 05:44:57,826 INFO org.apache.hadoop.yarn.server.resourcemanager.scheduler.capacity.ParentQueue: root, capacity=1.0, absoluteCapacity=1.0, maxCapacity=1.0, absoluteMaxCapacity=1.0, state=RUNNING, acls=ADMINISTER_QUEUE:*SUBMIT_APP:*, labels=*,
, reservationsContinueLooking=true, orderingPolicy=utilization, priority=0
2018-10-26 05:44:57,827 INFO org.apache.hadoop.yarn.server.resourcemanager.scheduler.capacity.ParentQueue: Initialized parent-queue root name=root, fullname=root
2018-10-26 05:44:57,939 INFO org.apache.hadoop.yarn.server.resourcemanager.scheduler.capacity.LeafQueue: Initializing default
capacity = 1.0 [= (float) configuredCapacity / 100 ]
absoluteCapacity = 1.0 [= parentAbsoluteCapacity * capacity ]
maxCapacity = 1.0 [= configuredMaxCapacity ]
absoluteMaxCapacity = 1.0 [= 1.0 maximumCapacity undefined, (parentAbsoluteMaxCapacity * maximumCapacity) / 100 otherwise ]
effectiveMinResource=<memory:0, vCores:0>
 , effectiveMaxResource=<memory:0, vCores:0>
userLimit = 100 [= configuredUserLimit ]
userLimitFactor = 1.0 [= configuredUserLimitFactor ]
maxApplications = 10000 [= configuredMaximumSystemApplicationsPerQueue or (int)(configuredMaximumSystemApplications * absoluteCapacity)]
maxApplicationsPerUser = 10000 [= (int)(maxApplications * (userLimit / 100.0f) * userLimitFactor) ]
usedCapacity = 0.0 [= usedResourcesMemory / (clusterResourceMemory * absoluteCapacity)]
absoluteUsedCapacity = 0.0 [= usedResourcesMemory / clusterResourceMemory]
maxAMResourcePerQueuePercent = 0.5 [= configuredMaximumAMResourcePercent ]
minimumAllocationFactor = -1.0 [= (float)(maximumAllocationMemory - minimumAllocationMemory) / maximumAllocationMemory ]
maximumAllocation = <memory:1024, vCores:1> [= configuredMaxAllocation ]
numContainers = 0 [= currentNumContainers ]
state = RUNNING [= configuredState ]
acls = ADMINISTER_QUEUE:*SUBMIT_APP:* [= configuredAcls ]
nodeLocalityDelay = 40
rackLocalityAdditionalDelay = -1
labels=*,
reservationsContinueLooking = true
preemptionDisabled = true
defaultAppPriorityPerQueue = 0
priority = 0
maxLifetime = -1 seconds
defaultLifetime = -1 seconds
2018-10-26 05:44:57,940 INFO org.apache.hadoop.yarn.server.resourcemanager.scheduler.capacity.CapacitySchedulerQueueManager: Initialized queue: default: capacity=1.0, absoluteCapacity=1.0, usedResources=<memory:0, vCores:0>, usedCapacity=0.0, absoluteUsedCapacity=0.0, numApps=0, numContainers=0, effectiveMinResource=<memory:0, vCores:0> , effectiveMaxResource=<memory:0, vCores:0>
2018-10-26 05:44:57,954 INFO org.apache.hadoop.yarn.server.resourcemanager.scheduler.capacity.CapacitySchedulerQueueManager: Initialized queue: root: numChildQueue= 1, capacity=1.0, absoluteCapacity=1.0, usedResources=<memory:0, vCores:0>usedCapacity=0.0, numApps=0, numContainers=0
2018-10-26 05:44:57,964 INFO org.apache.hadoop.yarn.server.resourcemanager.scheduler.capacity.CapacitySchedulerQueueManager: Initialized root queue root: numChildQueue= 1, capacity=1.0, absoluteCapacity=1.0, usedResources=<memory:0, vCores:0>usedCapacity=0.0, numApps=0, numContainers=0
2018-10-26 05:44:57,967 INFO org.apache.hadoop.yarn.server.resourcemanager.placement.UserGroupMappingPlacementRule: Initialized queue mappings, override: false
2018-10-26 05:44:58,003 INFO org.apache.hadoop.yarn.server.resourcemanager.scheduler.capacity.CapacityScheduler: Initialized CapacityScheduler with calculator=class org.apache.hadoop.yarn.util.resource.DefaultResourceCalculator, minimumAllocation=<<memory:2048, vCores:1>>, maximumAllocation=<<memory:4048, vCores:1>>, asynchronousScheduling=false, asyncScheduleInterval=5ms
2018-10-26 05:44:58,035 INFO org.apache.hadoop.conf.Configuration: dynamic-resources.xml not found
2018-10-26 05:44:58,054 INFO org.apache.hadoop.yarn.server.resourcemanager.AMSProcessingChain: Initializing AMS Processing chain. Root Processor=[org.apache.hadoop.yarn.server.resourcemanager.DefaultAMSProcessor].
2018-10-26 05:44:58,054 INFO org.apache.hadoop.yarn.server.resourcemanager.ApplicationMasterService: disabled placement handler will be used, all scheduling requests will be rejected.
2018-10-26 05:44:58,056 INFO org.apache.hadoop.yarn.server.resourcemanager.AMSProcessingChain: Adding [org.apache.hadoop.yarn.server.resourcemanager.scheduler.constraint.processor.DisabledPlacementProcessor] tp top of AMS Processing chain. 
2018-10-26 05:44:58,227 INFO org.apache.hadoop.yarn.server.resourcemanager.ResourceManager: TimelineServicePublisher is not configured
2018-10-26 05:44:58,852 INFO org.eclipse.jetty.util.log: Logging initialized @8302ms
2018-10-26 05:44:59,464 INFO org.apache.hadoop.security.authentication.server.AuthenticationFilter: Unable to initialize FileSignerSecretProvider, falling back to use random secrets.
2018-10-26 05:44:59,513 INFO org.apache.hadoop.http.HttpRequestLog: Http request log for http.requests.resourcemanager is not defined
2018-10-26 05:44:59,631 INFO org.apache.hadoop.http.HttpServer2: Added global filter 'safety' (class=org.apache.hadoop.http.HttpServer2$QuotingInputFilter)
2018-10-26 05:44:59,644 INFO org.apache.hadoop.http.HttpServer2: Added filter RMAuthenticationFilter (class=org.apache.hadoop.yarn.server.security.http.RMAuthenticationFilter) to context cluster
2018-10-26 05:44:59,659 INFO org.apache.hadoop.http.HttpServer2: Added filter RMAuthenticationFilter (class=org.apache.hadoop.yarn.server.security.http.RMAuthenticationFilter) to context logs
2018-10-26 05:44:59,660 INFO org.apache.hadoop.http.HttpServer2: Added filter RMAuthenticationFilter (class=org.apache.hadoop.yarn.server.security.http.RMAuthenticationFilter) to context static
2018-10-26 05:44:59,660 INFO org.apache.hadoop.http.HttpServer2: Added filter static_user_filter (class=org.apache.hadoop.http.lib.StaticUserWebFilter$StaticUserFilter) to context cluster
2018-10-26 05:44:59,661 INFO org.apache.hadoop.http.HttpServer2: Added filter static_user_filter (class=org.apache.hadoop.http.lib.StaticUserWebFilter$StaticUserFilter) to context logs
2018-10-26 05:44:59,661 INFO org.apache.hadoop.http.HttpServer2: Added filter static_user_filter (class=org.apache.hadoop.http.lib.StaticUserWebFilter$StaticUserFilter) to context static
2018-10-26 05:44:59,726 INFO org.apache.hadoop.http.HttpServer2: adding path spec: /cluster/*
2018-10-26 05:44:59,726 INFO org.apache.hadoop.http.HttpServer2: adding path spec: /ws/*
2018-10-26 05:44:59,726 INFO org.apache.hadoop.http.HttpServer2: adding path spec: /app/*
2018-10-26 05:45:04,510 INFO org.apache.hadoop.yarn.webapp.WebApps: Registered webapp guice modules
2018-10-26 05:45:04,521 INFO org.apache.hadoop.http.HttpServer2: Jetty bound to port 8088
2018-10-26 05:45:04,533 INFO org.eclipse.jetty.server.Server: jetty-9.3.19.v20170502
2018-10-26 05:45:04,867 INFO org.apache.hadoop.security.authentication.server.AuthenticationFilter: Unable to initialize FileSignerSecretProvider, falling back to use random secrets.
2018-10-26 05:45:05,084 INFO org.apache.hadoop.security.token.delegation.AbstractDelegationTokenSecretManager: Updating the current master key for generating delegation tokens
2018-10-26 05:45:05,127 INFO org.apache.hadoop.security.token.delegation.AbstractDelegationTokenSecretManager: Starting expired delegation token remover thread, tokenRemoverScanInterval=60 min(s)
2018-10-26 05:45:05,128 INFO org.apache.hadoop.security.token.delegation.AbstractDelegationTokenSecretManager: Updating the current master key for generating delegation tokens
2018-10-26 05:45:05,204 INFO org.eclipse.jetty.server.handler.ContextHandler: Started o.e.j.s.ServletContextHandler@3c01cfa1{/logs,file:///usr/local/hadoop-3.1.1/logs/,AVAILABLE}
2018-10-26 05:45:05,221 INFO org.eclipse.jetty.server.handler.ContextHandler: Started o.e.j.s.ServletContextHandler@b978d10{/static,jar:file:/usr/local/hadoop-3.1.1/share/hadoop/yarn/hadoop-yarn-common-3.1.1.jar!/webapps/static,AVAILABLE}
2018-10-26 05:45:13,800 INFO org.eclipse.jetty.server.handler.ContextHandler: Started o.e.j.w.WebAppContext@7a1f8def{/,file:///tmp/jetty-manager-8088-cluster-_-any-3481027262981114151.dir/webapp/,AVAILABLE}{/cluster}
2018-10-26 05:45:13,835 INFO org.eclipse.jetty.server.AbstractConnector: Started ServerConnector@181010f2{HTTP/1.1,[http/1.1]}{manager:8088}
2018-10-26 05:45:13,836 INFO org.eclipse.jetty.server.Server: Started @23291ms
2018-10-26 05:45:13,836 INFO org.apache.hadoop.yarn.webapp.WebApps: Web app cluster started at 8088
2018-10-26 05:45:14,411 INFO org.apache.hadoop.ipc.CallQueueManager: Using callQueue: class java.util.concurrent.LinkedBlockingQueue queueCapacity: 100 scheduler: class org.apache.hadoop.ipc.DefaultRpcScheduler
2018-10-26 05:45:14,424 INFO org.apache.hadoop.ipc.Server: Starting Socket Reader #1 for port 8033
2018-10-26 05:45:14,820 INFO org.apache.hadoop.yarn.factories.impl.pb.RpcServerFactoryPBImpl: Adding protocol org.apache.hadoop.yarn.server.api.ResourceManagerAdministrationProtocolPB to the server
2018-10-26 05:45:14,822 INFO org.apache.hadoop.yarn.server.resourcemanager.ResourceManager: Transitioning to active state
2018-10-26 05:45:14,820 INFO org.apache.hadoop.ipc.Server: IPC Server Responder: starting
2018-10-26 05:45:14,821 INFO org.apache.hadoop.ipc.Server: IPC Server listener on 8033: starting
2018-10-26 05:45:14,982 INFO org.apache.hadoop.yarn.server.resourcemanager.recovery.RMStateStore: Updating AMRMToken
2018-10-26 05:45:14,982 INFO org.apache.hadoop.yarn.server.resourcemanager.security.RMContainerTokenSecretManager: Rolling master-key for container-tokens
2018-10-26 05:45:14,983 INFO org.apache.hadoop.yarn.server.resourcemanager.security.NMTokenSecretManagerInRM: Rolling master-key for nm-tokens
2018-10-26 05:45:14,984 INFO org.apache.hadoop.security.token.delegation.AbstractDelegationTokenSecretManager: Updating the current master key for generating delegation tokens
2018-10-26 05:45:14,984 INFO org.apache.hadoop.yarn.server.resourcemanager.security.RMDelegationTokenSecretManager: storing master key with keyID 1
2018-10-26 05:45:14,985 INFO org.apache.hadoop.yarn.server.resourcemanager.recovery.RMStateStore: Storing RMDTMasterKey.
2018-10-26 05:45:14,985 INFO org.apache.hadoop.security.token.delegation.AbstractDelegationTokenSecretManager: Starting expired delegation token remover thread, tokenRemoverScanInterval=60 min(s)
2018-10-26 05:45:14,986 INFO org.apache.hadoop.security.token.delegation.AbstractDelegationTokenSecretManager: Updating the current master key for generating delegation tokens
2018-10-26 05:45:14,986 INFO org.apache.hadoop.yarn.server.resourcemanager.security.RMDelegationTokenSecretManager: storing master key with keyID 2
2018-10-26 05:45:14,990 INFO org.apache.hadoop.yarn.server.resourcemanager.recovery.RMStateStore: Storing RMDTMasterKey.
2018-10-26 05:45:14,998 INFO org.apache.hadoop.yarn.event.AsyncDispatcher: Registering class org.apache.hadoop.yarn.nodelabels.event.NodeLabelsStoreEventType for class org.apache.hadoop.yarn.nodelabels.CommonNodeLabelsManager$ForwardingEventHandler
2018-10-26 05:45:15,029 INFO org.apache.hadoop.ipc.CallQueueManager: Using callQueue: class java.util.concurrent.LinkedBlockingQueue queueCapacity: 5000 scheduler: class org.apache.hadoop.ipc.DefaultRpcScheduler
2018-10-26 05:45:15,036 INFO org.apache.hadoop.ipc.Server: Starting Socket Reader #1 for port 8031
2018-10-26 05:45:15,041 INFO org.apache.hadoop.yarn.factories.impl.pb.RpcServerFactoryPBImpl: Adding protocol org.apache.hadoop.yarn.server.api.ResourceTrackerPB to the server
2018-10-26 05:45:15,041 INFO org.apache.hadoop.ipc.Server: IPC Server Responder: starting
2018-10-26 05:45:15,042 INFO org.apache.hadoop.ipc.Server: IPC Server listener on 8031: starting
2018-10-26 05:45:15,098 INFO org.apache.hadoop.util.JvmPauseMonitor: Starting JVM pause monitor
2018-10-26 05:45:15,138 INFO org.apache.hadoop.ipc.CallQueueManager: Using callQueue: class java.util.concurrent.LinkedBlockingQueue queueCapacity: 5000 scheduler: class org.apache.hadoop.ipc.DefaultRpcScheduler
2018-10-26 05:45:15,219 INFO org.apache.hadoop.ipc.Server: Starting Socket Reader #1 for port 8030
2018-10-26 05:45:15,314 INFO org.apache.hadoop.yarn.factories.impl.pb.RpcServerFactoryPBImpl: Adding protocol org.apache.hadoop.yarn.api.ApplicationMasterProtocolPB to the server
2018-10-26 05:45:15,315 INFO org.apache.hadoop.ipc.Server: IPC Server Responder: starting
2018-10-26 05:45:15,315 INFO org.apache.hadoop.ipc.Server: IPC Server listener on 8030: starting
2018-10-26 05:45:17,105 INFO org.apache.hadoop.ipc.CallQueueManager: Using callQueue: class java.util.concurrent.LinkedBlockingQueue queueCapacity: 5000 scheduler: class org.apache.hadoop.ipc.DefaultRpcScheduler
2018-10-26 05:45:17,106 INFO org.apache.hadoop.ipc.Server: Starting Socket Reader #1 for port 8032
2018-10-26 05:45:17,117 INFO org.apache.hadoop.yarn.factories.impl.pb.RpcServerFactoryPBImpl: Adding protocol org.apache.hadoop.yarn.api.ApplicationClientProtocolPB to the server
2018-10-26 05:45:17,117 INFO org.apache.hadoop.ipc.Server: IPC Server Responder: starting
2018-10-26 05:45:17,118 INFO org.apache.hadoop.ipc.Server: IPC Server listener on 8032: starting
2018-10-26 05:45:17,154 INFO org.apache.hadoop.yarn.server.resourcemanager.ResourceManager: Transitioned to active state
2018-10-26 05:45:17,263 INFO org.apache.hadoop.yarn.server.resourcemanager.ResourceTrackerService: NodeManager from node 2cd25b4f7e07(cmPort: 36349 httpPort: 8042) registered with capability: <memory:4096, vCores:8>, assigned nodeId 2cd25b4f7e07:36349
2018-10-26 05:45:17,269 INFO org.apache.hadoop.yarn.server.resourcemanager.rmnode.RMNodeImpl: 2cd25b4f7e07:36349 Node Transitioned from NEW to RUNNING
2018-10-26 05:45:17,320 INFO org.apache.hadoop.yarn.server.resourcemanager.scheduler.capacity.CapacityScheduler: Added node 2cd25b4f7e07:36349 clusterResource: <memory:4096, vCores:8>
2018-10-26 05:45:26,498 INFO org.apache.hadoop.yarn.server.resourcemanager.RMAuditLogger: USER=dr.who	OPERATION=Get Applications Request	TARGET=ClientRMService	RESULT=SUCCESS
2018-10-26 05:54:56,800 INFO org.apache.hadoop.yarn.server.resourcemanager.scheduler.AbstractYarnScheduler: Release request cache is cleaned up
2018-10-26 09:45:16,869 WARN org.apache.hadoop.util.JvmPauseMonitor: Detected pause in JVM or host machine (eg GC): pause of approximately 12193ms
No GCs detected
2018-10-29 01:13:40,350 INFO org.apache.hadoop.security.token.delegation.AbstractDelegationTokenSecretManager: Updating the current master key for generating delegation tokens
2018-10-29 01:13:40,350 INFO org.apache.hadoop.security.token.delegation.AbstractDelegationTokenSecretManager: Updating the current master key for generating delegation tokens
2018-10-29 01:13:40,411 INFO org.apache.hadoop.yarn.server.resourcemanager.security.RMDelegationTokenSecretManager: storing master key with keyID 3
2018-10-29 01:13:40,447 INFO org.apache.hadoop.yarn.server.resourcemanager.recovery.RMStateStore: Storing RMDTMasterKey.
