2018-10-26 05:44:20,513 INFO org.apache.hadoop.hdfs.server.namenode.SecondaryNameNode: STARTUP_MSG: 
/************************************************************
STARTUP_MSG: Starting SecondaryNameNode
STARTUP_MSG:   host = a4aec0a16d49/172.21.0.3
STARTUP_MSG:   args = []
STARTUP_MSG:   version = 3.1.1
STARTUP_MSG:   classpath = /usr/local/hadoop/etc/hadoop/:/usr/local/hadoop-3.1.1/share/hadoop/common/lib/commons-beanutils-1.9.3.jar:/usr/local/hadoop-3.1.1/share/hadoop/common/lib/jsr305-3.0.0.jar:/usr/local/hadoop-3.1.1/share/hadoop/common/lib/nimbus-jose-jwt-4.41.1.jar:/usr/local/hadoop-3.1.1/share/hadoop/common/lib/curator-framework-2.12.0.jar:/usr/local/hadoop-3.1.1/share/hadoop/common/lib/hadoop-annotations-3.1.1.jar:/usr/local/hadoop-3.1.1/share/hadoop/common/lib/protobuf-java-2.5.0.jar:/usr/local/hadoop-3.1.1/share/hadoop/common/lib/metrics-core-3.2.4.jar:/usr/local/hadoop-3.1.1/share/hadoop/common/lib/re2j-1.1.jar:/usr/local/hadoop-3.1.1/share/hadoop/common/lib/kerb-admin-1.0.1.jar:/usr/local/hadoop-3.1.1/share/hadoop/common/lib/accessors-smart-1.2.jar:/usr/local/hadoop-3.1.1/share/hadoop/common/lib/kerb-client-1.0.1.jar:/usr/local/hadoop-3.1.1/share/hadoop/common/lib/jersey-json-1.19.jar:/usr/local/hadoop-3.1.1/share/hadoop/common/lib/jackson-xc-1.9.13.jar:/usr/local/hadoop-3.1.1/share/hadoop/common/lib/javax.servlet-api-3.1.0.jar:/usr/local/hadoop-3.1.1/share/hadoop/common/lib/commons-lang-2.6.jar:/usr/local/hadoop-3.1.1/share/hadoop/common/lib/xz-1.0.jar:/usr/local/hadoop-3.1.1/share/hadoop/common/lib/commons-lang3-3.4.jar:/usr/local/hadoop-3.1.1/share/hadoop/common/lib/htrace-core4-4.1.0-incubating.jar:/usr/local/hadoop-3.1.1/share/hadoop/common/lib/jetty-server-9.3.19.v20170502.jar:/usr/local/hadoop-3.1.1/share/hadoop/common/lib/curator-recipes-2.12.0.jar:/usr/local/hadoop-3.1.1/share/hadoop/common/lib/curator-client-2.12.0.jar:/usr/local/hadoop-3.1.1/share/hadoop/common/lib/commons-collections-3.2.2.jar:/usr/local/hadoop-3.1.1/share/hadoop/common/lib/avro-1.7.7.jar:/usr/local/hadoop-3.1.1/share/hadoop/common/lib/snappy-java-1.0.5.jar:/usr/local/hadoop-3.1.1/share/hadoop/common/lib/jackson-jaxrs-1.9.13.jar:/usr/local/hadoop-3.1.1/share/hadoop/common/lib/kerb-crypto-1.0.1.jar:/usr/local/hadoop-3.1.1/share/hadoop/common/lib/gson-2.2.4.jar:/usr/local/hadoop-3.1.1/share/hadoop/common/lib/commons-configuration2-2.1.1.jar:/usr/local/hadoop-3.1.1/share/hadoop/common/lib/commons-cli-1.2.jar:/usr/local/hadoop-3.1.1/share/hadoop/common/lib/httpclient-4.5.2.jar:/usr/local/hadoop-3.1.1/share/hadoop/common/lib/jetty-xml-9.3.19.v20170502.jar:/usr/local/hadoop-3.1.1/share/hadoop/common/lib/jettison-1.1.jar:/usr/local/hadoop-3.1.1/share/hadoop/common/lib/jaxb-impl-2.2.3-1.jar:/usr/local/hadoop-3.1.1/share/hadoop/common/lib/jsr311-api-1.1.1.jar:/usr/local/hadoop-3.1.1/share/hadoop/common/lib/jackson-annotations-2.7.8.jar:/usr/local/hadoop-3.1.1/share/hadoop/common/lib/kerb-core-1.0.1.jar:/usr/local/hadoop-3.1.1/share/hadoop/common/lib/jetty-webapp-9.3.19.v20170502.jar:/usr/local/hadoop-3.1.1/share/hadoop/common/lib/kerby-xdr-1.0.1.jar:/usr/local/hadoop-3.1.1/share/hadoop/common/lib/httpcore-4.4.4.jar:/usr/local/hadoop-3.1.1/share/hadoop/common/lib/woodstox-core-5.0.3.jar:/usr/local/hadoop-3.1.1/share/hadoop/common/lib/jersey-core-1.19.jar:/usr/local/hadoop-3.1.1/share/hadoop/common/lib/log4j-1.2.17.jar:/usr/local/hadoop-3.1.1/share/hadoop/common/lib/kerb-identity-1.0.1.jar:/usr/local/hadoop-3.1.1/share/hadoop/common/lib/jackson-core-2.7.8.jar:/usr/local/hadoop-3.1.1/share/hadoop/common/lib/jsch-0.1.54.jar:/usr/local/hadoop-3.1.1/share/hadoop/common/lib/netty-3.10.5.Final.jar:/usr/local/hadoop-3.1.1/share/hadoop/common/lib/stax2-api-3.1.4.jar:/usr/local/hadoop-3.1.1/share/hadoop/common/lib/token-provider-1.0.1.jar:/usr/local/hadoop-3.1.1/share/hadoop/common/lib/kerby-util-1.0.1.jar:/usr/local/hadoop-3.1.1/share/hadoop/common/lib/jersey-servlet-1.19.jar:/usr/local/hadoop-3.1.1/share/hadoop/common/lib/jetty-security-9.3.19.v20170502.jar:/usr/local/hadoop-3.1.1/share/hadoop/common/lib/jetty-servlet-9.3.19.v20170502.jar:/usr/local/hadoop-3.1.1/share/hadoop/common/lib/kerb-common-1.0.1.jar:/usr/local/hadoop-3.1.1/share/hadoop/common/lib/commons-net-3.6.jar:/usr/local/hadoop-3.1.1/share/hadoop/common/lib/asm-5.0.4.jar:/usr/local/hadoop-3.1.1/share/hadoop/common/lib/kerb-simplekdc-1.0.1.jar:/usr/local/hadoop-3.1.1/share/hadoop/common/lib/zookeeper-3.4.9.jar:/usr/local/hadoop-3.1.1/share/hadoop/common/lib/kerby-asn1-1.0.1.jar:/usr/local/hadoop-3.1.1/share/hadoop/common/lib/commons-codec-1.11.jar:/usr/local/hadoop-3.1.1/share/hadoop/common/lib/paranamer-2.3.jar:/usr/local/hadoop-3.1.1/share/hadoop/common/lib/kerby-pkix-1.0.1.jar:/usr/local/hadoop-3.1.1/share/hadoop/common/lib/slf4j-api-1.7.25.jar:/usr/local/hadoop-3.1.1/share/hadoop/common/lib/jetty-util-9.3.19.v20170502.jar:/usr/local/hadoop-3.1.1/share/hadoop/common/lib/json-smart-2.3.jar:/usr/local/hadoop-3.1.1/share/hadoop/common/lib/hadoop-auth-3.1.1.jar:/usr/local/hadoop-3.1.1/share/hadoop/common/lib/jcip-annotations-1.0-1.jar:/usr/local/hadoop-3.1.1/share/hadoop/common/lib/kerb-util-1.0.1.jar:/usr/local/hadoop-3.1.1/share/hadoop/common/lib/jetty-io-9.3.19.v20170502.jar:/usr/local/hadoop-3.1.1/share/hadoop/common/lib/commons-math3-3.1.1.jar:/usr/local/hadoop-3.1.1/share/hadoop/common/lib/jetty-http-9.3.19.v20170502.jar:/usr/local/hadoop-3.1.1/share/hadoop/common/lib/jackson-mapper-asl-1.9.13.jar:/usr/local/hadoop-3.1.1/share/hadoop/common/lib/jaxb-api-2.2.11.jar:/usr/local/hadoop-3.1.1/share/hadoop/common/lib/jul-to-slf4j-1.7.25.jar:/usr/local/hadoop-3.1.1/share/hadoop/common/lib/commons-io-2.5.jar:/usr/local/hadoop-3.1.1/share/hadoop/common/lib/kerb-server-1.0.1.jar:/usr/local/hadoop-3.1.1/share/hadoop/common/lib/guava-11.0.2.jar:/usr/local/hadoop-3.1.1/share/hadoop/common/lib/commons-logging-1.1.3.jar:/usr/local/hadoop-3.1.1/share/hadoop/common/lib/kerby-config-1.0.1.jar:/usr/local/hadoop-3.1.1/share/hadoop/common/lib/slf4j-log4j12-1.7.25.jar:/usr/local/hadoop-3.1.1/share/hadoop/common/lib/jersey-server-1.19.jar:/usr/local/hadoop-3.1.1/share/hadoop/common/lib/jackson-core-asl-1.9.13.jar:/usr/local/hadoop-3.1.1/share/hadoop/common/lib/jsp-api-2.1.jar:/usr/local/hadoop-3.1.1/share/hadoop/common/lib/jackson-databind-2.7.8.jar:/usr/local/hadoop-3.1.1/share/hadoop/common/lib/commons-compress-1.4.1.jar:/usr/local/hadoop-3.1.1/share/hadoop/common/hadoop-nfs-3.1.1.jar:/usr/local/hadoop-3.1.1/share/hadoop/common/hadoop-kms-3.1.1.jar:/usr/local/hadoop-3.1.1/share/hadoop/common/hadoop-common-3.1.1-tests.jar:/usr/local/hadoop-3.1.1/share/hadoop/common/hadoop-common-3.1.1.jar:/usr/local/hadoop-3.1.1/share/hadoop/hdfs:/usr/local/hadoop-3.1.1/share/hadoop/hdfs/lib/commons-beanutils-1.9.3.jar:/usr/local/hadoop-3.1.1/share/hadoop/hdfs/lib/jsr305-3.0.0.jar:/usr/local/hadoop-3.1.1/share/hadoop/hdfs/lib/nimbus-jose-jwt-4.41.1.jar:/usr/local/hadoop-3.1.1/share/hadoop/hdfs/lib/curator-framework-2.12.0.jar:/usr/local/hadoop-3.1.1/share/hadoop/hdfs/lib/hadoop-annotations-3.1.1.jar:/usr/local/hadoop-3.1.1/share/hadoop/hdfs/lib/protobuf-java-2.5.0.jar:/usr/local/hadoop-3.1.1/share/hadoop/hdfs/lib/re2j-1.1.jar:/usr/local/hadoop-3.1.1/share/hadoop/hdfs/lib/kerb-admin-1.0.1.jar:/usr/local/hadoop-3.1.1/share/hadoop/hdfs/lib/accessors-smart-1.2.jar:/usr/local/hadoop-3.1.1/share/hadoop/hdfs/lib/jetty-util-ajax-9.3.19.v20170502.jar:/usr/local/hadoop-3.1.1/share/hadoop/hdfs/lib/commons-daemon-1.0.13.jar:/usr/local/hadoop-3.1.1/share/hadoop/hdfs/lib/kerb-client-1.0.1.jar:/usr/local/hadoop-3.1.1/share/hadoop/hdfs/lib/jersey-json-1.19.jar:/usr/local/hadoop-3.1.1/share/hadoop/hdfs/lib/jackson-xc-1.9.13.jar:/usr/local/hadoop-3.1.1/share/hadoop/hdfs/lib/javax.servlet-api-3.1.0.jar:/usr/local/hadoop-3.1.1/share/hadoop/hdfs/lib/commons-lang-2.6.jar:/usr/local/hadoop-3.1.1/share/hadoop/hdfs/lib/xz-1.0.jar:/usr/local/hadoop-3.1.1/share/hadoop/hdfs/lib/commons-lang3-3.4.jar:/usr/local/hadoop-3.1.1/share/hadoop/hdfs/lib/htrace-core4-4.1.0-incubating.jar:/usr/local/hadoop-3.1.1/share/hadoop/hdfs/lib/jetty-server-9.3.19.v20170502.jar:/usr/local/hadoop-3.1.1/share/hadoop/hdfs/lib/curator-recipes-2.12.0.jar:/usr/local/hadoop-3.1.1/share/hadoop/hdfs/lib/curator-client-2.12.0.jar:/usr/local/hadoop-3.1.1/share/hadoop/hdfs/lib/commons-collections-3.2.2.jar:/usr/local/hadoop-3.1.1/share/hadoop/hdfs/lib/avro-1.7.7.jar:/usr/local/hadoop-3.1.1/share/hadoop/hdfs/lib/snappy-java-1.0.5.jar:/usr/local/hadoop-3.1.1/share/hadoop/hdfs/lib/jackson-jaxrs-1.9.13.jar:/usr/local/hadoop-3.1.1/share/hadoop/hdfs/lib/leveldbjni-all-1.8.jar:/usr/local/hadoop-3.1.1/share/hadoop/hdfs/lib/kerb-crypto-1.0.1.jar:/usr/local/hadoop-3.1.1/share/hadoop/hdfs/lib/gson-2.2.4.jar:/usr/local/hadoop-3.1.1/share/hadoop/hdfs/lib/commons-configuration2-2.1.1.jar:/usr/local/hadoop-3.1.1/share/hadoop/hdfs/lib/commons-cli-1.2.jar:/usr/local/hadoop-3.1.1/share/hadoop/hdfs/lib/httpclient-4.5.2.jar:/usr/local/hadoop-3.1.1/share/hadoop/hdfs/lib/jetty-xml-9.3.19.v20170502.jar:/usr/local/hadoop-3.1.1/share/hadoop/hdfs/lib/jettison-1.1.jar:/usr/local/hadoop-3.1.1/share/hadoop/hdfs/lib/jaxb-impl-2.2.3-1.jar:/usr/local/hadoop-3.1.1/share/hadoop/hdfs/lib/jsr311-api-1.1.1.jar:/usr/local/hadoop-3.1.1/share/hadoop/hdfs/lib/jackson-annotations-2.7.8.jar:/usr/local/hadoop-3.1.1/share/hadoop/hdfs/lib/kerb-core-1.0.1.jar:/usr/local/hadoop-3.1.1/share/hadoop/hdfs/lib/jetty-webapp-9.3.19.v20170502.jar:/usr/local/hadoop-3.1.1/share/hadoop/hdfs/lib/kerby-xdr-1.0.1.jar:/usr/local/hadoop-3.1.1/share/hadoop/hdfs/lib/httpcore-4.4.4.jar:/usr/local/hadoop-3.1.1/share/hadoop/hdfs/lib/woodstox-core-5.0.3.jar:/usr/local/hadoop-3.1.1/share/hadoop/hdfs/lib/jersey-core-1.19.jar:/usr/local/hadoop-3.1.1/share/hadoop/hdfs/lib/log4j-1.2.17.jar:/usr/local/hadoop-3.1.1/share/hadoop/hdfs/lib/kerb-identity-1.0.1.jar:/usr/local/hadoop-3.1.1/share/hadoop/hdfs/lib/jackson-core-2.7.8.jar:/usr/local/hadoop-3.1.1/share/hadoop/hdfs/lib/jsch-0.1.54.jar:/usr/local/hadoop-3.1.1/share/hadoop/hdfs/lib/netty-all-4.0.52.Final.jar:/usr/local/hadoop-3.1.1/share/hadoop/hdfs/lib/netty-3.10.5.Final.jar:/usr/local/hadoop-3.1.1/share/hadoop/hdfs/lib/stax2-api-3.1.4.jar:/usr/local/hadoop-3.1.1/share/hadoop/hdfs/lib/token-provider-1.0.1.jar:/usr/local/hadoop-3.1.1/share/hadoop/hdfs/lib/kerby-util-1.0.1.jar:/usr/local/hadoop-3.1.1/share/hadoop/hdfs/lib/jersey-servlet-1.19.jar:/usr/local/hadoop-3.1.1/share/hadoop/hdfs/lib/jetty-security-9.3.19.v20170502.jar:/usr/local/hadoop-3.1.1/share/hadoop/hdfs/lib/jetty-servlet-9.3.19.v20170502.jar:/usr/local/hadoop-3.1.1/share/hadoop/hdfs/lib/kerb-common-1.0.1.jar:/usr/local/hadoop-3.1.1/share/hadoop/hdfs/lib/commons-net-3.6.jar:/usr/local/hadoop-3.1.1/share/hadoop/hdfs/lib/asm-5.0.4.jar:/usr/local/hadoop-3.1.1/share/hadoop/hdfs/lib/kerb-simplekdc-1.0.1.jar:/usr/local/hadoop-3.1.1/share/hadoop/hdfs/lib/zookeeper-3.4.9.jar:/usr/local/hadoop-3.1.1/share/hadoop/hdfs/lib/kerby-asn1-1.0.1.jar:/usr/local/hadoop-3.1.1/share/hadoop/hdfs/lib/commons-codec-1.11.jar:/usr/local/hadoop-3.1.1/share/hadoop/hdfs/lib/paranamer-2.3.jar:/usr/local/hadoop-3.1.1/share/hadoop/hdfs/lib/kerby-pkix-1.0.1.jar:/usr/local/hadoop-3.1.1/share/hadoop/hdfs/lib/okhttp-2.7.5.jar:/usr/local/hadoop-3.1.1/share/hadoop/hdfs/lib/json-simple-1.1.1.jar:/usr/local/hadoop-3.1.1/share/hadoop/hdfs/lib/jetty-util-9.3.19.v20170502.jar:/usr/local/hadoop-3.1.1/share/hadoop/hdfs/lib/json-smart-2.3.jar:/usr/local/hadoop-3.1.1/share/hadoop/hdfs/lib/hadoop-auth-3.1.1.jar:/usr/local/hadoop-3.1.1/share/hadoop/hdfs/lib/jcip-annotations-1.0-1.jar:/usr/local/hadoop-3.1.1/share/hadoop/hdfs/lib/kerb-util-1.0.1.jar:/usr/local/hadoop-3.1.1/share/hadoop/hdfs/lib/jetty-io-9.3.19.v20170502.jar:/usr/local/hadoop-3.1.1/share/hadoop/hdfs/lib/commons-math3-3.1.1.jar:/usr/local/hadoop-3.1.1/share/hadoop/hdfs/lib/jetty-http-9.3.19.v20170502.jar:/usr/local/hadoop-3.1.1/share/hadoop/hdfs/lib/jackson-mapper-asl-1.9.13.jar:/usr/local/hadoop-3.1.1/share/hadoop/hdfs/lib/jaxb-api-2.2.11.jar:/usr/local/hadoop-3.1.1/share/hadoop/hdfs/lib/commons-io-2.5.jar:/usr/local/hadoop-3.1.1/share/hadoop/hdfs/lib/kerb-server-1.0.1.jar:/usr/local/hadoop-3.1.1/share/hadoop/hdfs/lib/guava-11.0.2.jar:/usr/local/hadoop-3.1.1/share/hadoop/hdfs/lib/commons-logging-1.1.3.jar:/usr/local/hadoop-3.1.1/share/hadoop/hdfs/lib/kerby-config-1.0.1.jar:/usr/local/hadoop-3.1.1/share/hadoop/hdfs/lib/jersey-server-1.19.jar:/usr/local/hadoop-3.1.1/share/hadoop/hdfs/lib/jackson-core-asl-1.9.13.jar:/usr/local/hadoop-3.1.1/share/hadoop/hdfs/lib/okio-1.6.0.jar:/usr/local/hadoop-3.1.1/share/hadoop/hdfs/lib/jackson-databind-2.7.8.jar:/usr/local/hadoop-3.1.1/share/hadoop/hdfs/lib/commons-compress-1.4.1.jar:/usr/local/hadoop-3.1.1/share/hadoop/hdfs/hadoop-hdfs-client-3.1.1-tests.jar:/usr/local/hadoop-3.1.1/share/hadoop/hdfs/hadoop-hdfs-rbf-3.1.1.jar:/usr/local/hadoop-3.1.1/share/hadoop/hdfs/hadoop-hdfs-native-client-3.1.1.jar:/usr/local/hadoop-3.1.1/share/hadoop/hdfs/hadoop-hdfs-nfs-3.1.1.jar:/usr/local/hadoop-3.1.1/share/hadoop/hdfs/hadoop-hdfs-3.1.1.jar:/usr/local/hadoop-3.1.1/share/hadoop/hdfs/hadoop-hdfs-httpfs-3.1.1.jar:/usr/local/hadoop-3.1.1/share/hadoop/hdfs/hadoop-hdfs-3.1.1-tests.jar:/usr/local/hadoop-3.1.1/share/hadoop/hdfs/hadoop-hdfs-rbf-3.1.1-tests.jar:/usr/local/hadoop-3.1.1/share/hadoop/hdfs/hadoop-hdfs-client-3.1.1.jar:/usr/local/hadoop-3.1.1/share/hadoop/hdfs/hadoop-hdfs-native-client-3.1.1-tests.jar:/usr/local/hadoop-3.1.1/share/hadoop/mapreduce/lib/hamcrest-core-1.3.jar:/usr/local/hadoop-3.1.1/share/hadoop/mapreduce/lib/junit-4.11.jar:/usr/local/hadoop-3.1.1/share/hadoop/mapreduce/hadoop-mapreduce-client-hs-3.1.1.jar:/usr/local/hadoop-3.1.1/share/hadoop/mapreduce/hadoop-mapreduce-client-jobclient-3.1.1-tests.jar:/usr/local/hadoop-3.1.1/share/hadoop/mapreduce/hadoop-mapreduce-client-nativetask-3.1.1.jar:/usr/local/hadoop-3.1.1/share/hadoop/mapreduce/hadoop-mapreduce-client-hs-plugins-3.1.1.jar:/usr/local/hadoop-3.1.1/share/hadoop/mapreduce/hadoop-mapreduce-client-uploader-3.1.1.jar:/usr/local/hadoop-3.1.1/share/hadoop/mapreduce/hadoop-mapreduce-client-common-3.1.1.jar:/usr/local/hadoop-3.1.1/share/hadoop/mapreduce/hadoop-mapreduce-client-app-3.1.1.jar:/usr/local/hadoop-3.1.1/share/hadoop/mapreduce/hadoop-mapreduce-client-shuffle-3.1.1.jar:/usr/local/hadoop-3.1.1/share/hadoop/mapreduce/hadoop-mapreduce-client-core-3.1.1.jar:/usr/local/hadoop-3.1.1/share/hadoop/mapreduce/hadoop-mapreduce-client-jobclient-3.1.1.jar:/usr/local/hadoop-3.1.1/share/hadoop/mapreduce/hadoop-mapreduce-examples-3.1.1.jar:/usr/local/hadoop-3.1.1/share/hadoop/yarn:/usr/local/hadoop-3.1.1/share/hadoop/yarn/lib/metrics-core-3.2.4.jar:/usr/local/hadoop-3.1.1/share/hadoop/yarn/lib/snakeyaml-1.16.jar:/usr/local/hadoop-3.1.1/share/hadoop/yarn/lib/geronimo-jcache_1.0_spec-1.0-alpha-1.jar:/usr/local/hadoop-3.1.1/share/hadoop/yarn/lib/javax.inject-1.jar:/usr/local/hadoop-3.1.1/share/hadoop/yarn/lib/aopalliance-1.0.jar:/usr/local/hadoop-3.1.1/share/hadoop/yarn/lib/jackson-module-jaxb-annotations-2.7.8.jar:/usr/local/hadoop-3.1.1/share/hadoop/yarn/lib/jersey-client-1.19.jar:/usr/local/hadoop-3.1.1/share/hadoop/yarn/lib/mssql-jdbc-6.2.1.jre7.jar:/usr/local/hadoop-3.1.1/share/hadoop/yarn/lib/swagger-annotations-1.5.4.jar:/usr/local/hadoop-3.1.1/share/hadoop/yarn/lib/jackson-jaxrs-json-provider-2.7.8.jar:/usr/local/hadoop-3.1.1/share/hadoop/yarn/lib/dnsjava-2.1.7.jar:/usr/local/hadoop-3.1.1/share/hadoop/yarn/lib/objenesis-1.0.jar:/usr/local/hadoop-3.1.1/share/hadoop/yarn/lib/json-io-2.5.1.jar:/usr/local/hadoop-3.1.1/share/hadoop/yarn/lib/guice-servlet-4.0.jar:/usr/local/hadoop-3.1.1/share/hadoop/yarn/lib/jackson-jaxrs-base-2.7.8.jar:/usr/local/hadoop-3.1.1/share/hadoop/yarn/lib/java-util-1.9.0.jar:/usr/local/hadoop-3.1.1/share/hadoop/yarn/lib/ehcache-3.3.1.jar:/usr/local/hadoop-3.1.1/share/hadoop/yarn/lib/jersey-guice-1.19.jar:/usr/local/hadoop-3.1.1/share/hadoop/yarn/lib/fst-2.50.jar:/usr/local/hadoop-3.1.1/share/hadoop/yarn/lib/HikariCP-java7-2.4.12.jar:/usr/local/hadoop-3.1.1/share/hadoop/yarn/lib/guice-4.0.jar:/usr/local/hadoop-3.1.1/share/hadoop/yarn/hadoop-yarn-server-tests-3.1.1.jar:/usr/local/hadoop-3.1.1/share/hadoop/yarn/hadoop-yarn-registry-3.1.1.jar:/usr/local/hadoop-3.1.1/share/hadoop/yarn/hadoop-yarn-applications-unmanaged-am-launcher-3.1.1.jar:/usr/local/hadoop-3.1.1/share/hadoop/yarn/hadoop-yarn-services-api-3.1.1.jar:/usr/local/hadoop-3.1.1/share/hadoop/yarn/hadoop-yarn-server-resourcemanager-3.1.1.jar:/usr/local/hadoop-3.1.1/share/hadoop/yarn/hadoop-yarn-client-3.1.1.jar:/usr/local/hadoop-3.1.1/share/hadoop/yarn/hadoop-yarn-server-applicationhistoryservice-3.1.1.jar:/usr/local/hadoop-3.1.1/share/hadoop/yarn/hadoop-yarn-server-timeline-pluginstorage-3.1.1.jar:/usr/local/hadoop-3.1.1/share/hadoop/yarn/hadoop-yarn-common-3.1.1.jar:/usr/local/hadoop-3.1.1/share/hadoop/yarn/hadoop-yarn-server-router-3.1.1.jar:/usr/local/hadoop-3.1.1/share/hadoop/yarn/hadoop-yarn-applications-distributedshell-3.1.1.jar:/usr/local/hadoop-3.1.1/share/hadoop/yarn/hadoop-yarn-services-core-3.1.1.jar:/usr/local/hadoop-3.1.1/share/hadoop/yarn/hadoop-yarn-server-common-3.1.1.jar:/usr/local/hadoop-3.1.1/share/hadoop/yarn/hadoop-yarn-api-3.1.1.jar:/usr/local/hadoop-3.1.1/share/hadoop/yarn/hadoop-yarn-server-nodemanager-3.1.1.jar:/usr/local/hadoop-3.1.1/share/hadoop/yarn/hadoop-yarn-server-sharedcachemanager-3.1.1.jar:/usr/local/hadoop-3.1.1/share/hadoop/yarn/hadoop-yarn-server-web-proxy-3.1.1.jar:/usr/local/hadoop-3.1.1/contrib/capacity-scheduler/*.jar
STARTUP_MSG:   build = https://github.com/apache/hadoop -r 2b9a8c1d3a2caf1e733d57f346af3ff0d5ba529c; compiled by 'leftnoteasy' on 2018-08-02T04:26Z
STARTUP_MSG:   java = 1.8.0_191
************************************************************/
2018-10-26 05:44:20,530 INFO org.apache.hadoop.hdfs.server.namenode.SecondaryNameNode: registered UNIX signal handlers for [TERM, HUP, INT]
2018-10-26 05:44:22,628 INFO org.apache.hadoop.metrics2.impl.MetricsConfig: loaded properties from hadoop-metrics2.properties
2018-10-26 05:44:22,896 INFO org.apache.hadoop.metrics2.impl.MetricsSystemImpl: Scheduled Metric snapshot period at 10 second(s).
2018-10-26 05:44:22,896 INFO org.apache.hadoop.metrics2.impl.MetricsSystemImpl: SecondaryNameNode metrics system started
2018-10-26 05:44:29,594 INFO org.apache.hadoop.hdfs.server.namenode.FSEditLog: Edit logging is async:true
2018-10-26 05:44:29,646 INFO org.apache.hadoop.hdfs.server.common.Storage: Lock on /tmp/hadoop-root/dfs/namesecondary/in_use.lock acquired by nodename 569@a4aec0a16d49
2018-10-26 05:44:29,701 INFO org.apache.hadoop.hdfs.server.namenode.FSNamesystem: KeyProvider: null
2018-10-26 05:44:29,704 INFO org.apache.hadoop.hdfs.server.namenode.FSNamesystem: fsLock is fair: true
2018-10-26 05:44:29,707 INFO org.apache.hadoop.hdfs.server.namenode.FSNamesystem: Detailed lock hold time metrics enabled: false
2018-10-26 05:44:29,708 INFO org.apache.hadoop.hdfs.server.namenode.FSNamesystem: fsOwner             = root (auth:SIMPLE)
2018-10-26 05:44:29,708 INFO org.apache.hadoop.hdfs.server.namenode.FSNamesystem: supergroup          = supergroup
2018-10-26 05:44:29,708 INFO org.apache.hadoop.hdfs.server.namenode.FSNamesystem: isPermissionEnabled = true
2018-10-26 05:44:29,708 INFO org.apache.hadoop.hdfs.server.namenode.FSNamesystem: HA Enabled: false
2018-10-26 05:44:29,756 INFO org.apache.hadoop.hdfs.server.common.Util: dfs.datanode.fileio.profiling.sampling.percentage set to 0. Disabling file IO profiling
2018-10-26 05:44:29,780 INFO org.apache.hadoop.hdfs.server.blockmanagement.DatanodeManager: dfs.block.invalidate.limit: configured=1000, counted=60, effected=1000
2018-10-26 05:44:29,781 INFO org.apache.hadoop.hdfs.server.blockmanagement.DatanodeManager: dfs.namenode.datanode.registration.ip-hostname-check=false
2018-10-26 05:44:29,787 INFO org.apache.hadoop.hdfs.server.blockmanagement.BlockManager: dfs.namenode.startup.delay.block.deletion.sec is set to 000:00:00:00.000
2018-10-26 05:44:29,788 INFO org.apache.hadoop.hdfs.server.blockmanagement.BlockManager: The block deletion will start around 2018 Oct 26 05:44:29
2018-10-26 05:44:29,791 INFO org.apache.hadoop.util.GSet: Computing capacity for map BlocksMap
2018-10-26 05:44:29,791 INFO org.apache.hadoop.util.GSet: VM type       = 64-bit
2018-10-26 05:44:29,793 INFO org.apache.hadoop.util.GSet: 2.0% max memory 910.5 MB = 18.2 MB
2018-10-26 05:44:29,794 INFO org.apache.hadoop.util.GSet: capacity      = 2^21 = 2097152 entries
2018-10-26 05:44:29,807 INFO org.apache.hadoop.hdfs.server.blockmanagement.BlockManager: dfs.block.access.token.enable = false
2018-10-26 05:44:29,821 INFO org.apache.hadoop.conf.Configuration.deprecation: No unit for dfs.namenode.safemode.extension(30000) assuming MILLISECONDS
2018-10-26 05:44:29,822 INFO org.apache.hadoop.hdfs.server.blockmanagement.BlockManagerSafeMode: dfs.namenode.safemode.threshold-pct = 0.9990000128746033
2018-10-26 05:44:29,822 INFO org.apache.hadoop.hdfs.server.blockmanagement.BlockManagerSafeMode: dfs.namenode.safemode.min.datanodes = 0
2018-10-26 05:44:29,822 INFO org.apache.hadoop.hdfs.server.blockmanagement.BlockManagerSafeMode: dfs.namenode.safemode.extension = 30000
2018-10-26 05:44:29,822 INFO org.apache.hadoop.hdfs.server.blockmanagement.BlockManager: defaultReplication         = 1
2018-10-26 05:44:29,823 INFO org.apache.hadoop.hdfs.server.blockmanagement.BlockManager: maxReplication             = 512
2018-10-26 05:44:29,823 INFO org.apache.hadoop.hdfs.server.blockmanagement.BlockManager: minReplication             = 1
2018-10-26 05:44:29,823 INFO org.apache.hadoop.hdfs.server.blockmanagement.BlockManager: maxReplicationStreams      = 2
2018-10-26 05:44:29,823 INFO org.apache.hadoop.hdfs.server.blockmanagement.BlockManager: redundancyRecheckInterval  = 3000ms
2018-10-26 05:44:29,823 INFO org.apache.hadoop.hdfs.server.blockmanagement.BlockManager: encryptDataTransfer        = false
2018-10-26 05:44:29,823 INFO org.apache.hadoop.hdfs.server.blockmanagement.BlockManager: maxNumBlocksToLog          = 1000
2018-10-26 05:44:29,929 INFO org.apache.hadoop.util.GSet: Computing capacity for map INodeMap
2018-10-26 05:44:29,929 INFO org.apache.hadoop.util.GSet: VM type       = 64-bit
2018-10-26 05:44:29,929 INFO org.apache.hadoop.util.GSet: 1.0% max memory 910.5 MB = 9.1 MB
2018-10-26 05:44:29,929 INFO org.apache.hadoop.util.GSet: capacity      = 2^20 = 1048576 entries
2018-10-26 05:44:29,930 INFO org.apache.hadoop.hdfs.server.namenode.FSDirectory: ACLs enabled? false
2018-10-26 05:44:29,930 INFO org.apache.hadoop.hdfs.server.namenode.FSDirectory: POSIX ACL inheritance enabled? true
2018-10-26 05:44:29,930 INFO org.apache.hadoop.hdfs.server.namenode.FSDirectory: XAttrs enabled? true
2018-10-26 05:44:29,931 INFO org.apache.hadoop.hdfs.server.namenode.NameNode: Caching file names occurring more than 10 times
2018-10-26 05:44:29,950 INFO org.apache.hadoop.hdfs.server.namenode.snapshot.SnapshotManager: Loaded config captureOpenFiles: false, skipCaptureAccessTimeOnlyChange: false, snapshotDiffAllowSnapRootDescendant: true, maxSnapshotLimit: 65536
2018-10-26 05:44:29,954 INFO org.apache.hadoop.hdfs.server.namenode.snapshot.SnapshotManager: SkipList is disabled
2018-10-26 05:44:29,982 INFO org.apache.hadoop.util.GSet: Computing capacity for map cachedBlocks
2018-10-26 05:44:29,982 INFO org.apache.hadoop.util.GSet: VM type       = 64-bit
2018-10-26 05:44:29,982 INFO org.apache.hadoop.util.GSet: 0.25% max memory 910.5 MB = 2.3 MB
2018-10-26 05:44:29,982 INFO org.apache.hadoop.util.GSet: capacity      = 2^18 = 262144 entries
2018-10-26 05:44:30,009 INFO org.apache.hadoop.hdfs.server.namenode.top.metrics.TopMetrics: NNTop conf: dfs.namenode.top.window.num.buckets = 10
2018-10-26 05:44:30,009 INFO org.apache.hadoop.hdfs.server.namenode.top.metrics.TopMetrics: NNTop conf: dfs.namenode.top.num.users = 10
2018-10-26 05:44:30,009 INFO org.apache.hadoop.hdfs.server.namenode.top.metrics.TopMetrics: NNTop conf: dfs.namenode.top.windows.minutes = 1,5,25
2018-10-26 05:44:30,196 INFO org.apache.hadoop.hdfs.server.namenode.SecondaryNameNode: Checkpoint Period   :3600 secs (60 min)
2018-10-26 05:44:30,196 INFO org.apache.hadoop.hdfs.server.namenode.SecondaryNameNode: Log Size Trigger    :1000000 txns
2018-10-26 05:44:30,443 INFO org.apache.hadoop.hdfs.DFSUtil: Starting Web-server for secondary at: http://0.0.0.0:9868
2018-10-26 05:44:30,527 INFO org.eclipse.jetty.util.log: Logging initialized @11736ms
2018-10-26 05:44:30,775 INFO org.apache.hadoop.security.authentication.server.AuthenticationFilter: Unable to initialize FileSignerSecretProvider, falling back to use random secrets.
2018-10-26 05:44:30,782 INFO org.apache.hadoop.http.HttpRequestLog: Http request log for http.requests.secondary is not defined
2018-10-26 05:44:30,806 INFO org.apache.hadoop.http.HttpServer2: Added global filter 'safety' (class=org.apache.hadoop.http.HttpServer2$QuotingInputFilter)
2018-10-26 05:44:30,809 INFO org.apache.hadoop.http.HttpServer2: Added filter static_user_filter (class=org.apache.hadoop.http.lib.StaticUserWebFilter$StaticUserFilter) to context secondary
2018-10-26 05:44:30,809 INFO org.apache.hadoop.http.HttpServer2: Added filter static_user_filter (class=org.apache.hadoop.http.lib.StaticUserWebFilter$StaticUserFilter) to context logs
2018-10-26 05:44:30,824 INFO org.apache.hadoop.http.HttpServer2: Added filter static_user_filter (class=org.apache.hadoop.http.lib.StaticUserWebFilter$StaticUserFilter) to context static
2018-10-26 05:44:30,857 INFO org.apache.hadoop.http.HttpServer2: Jetty bound to port 9868
2018-10-26 05:44:30,858 INFO org.eclipse.jetty.server.Server: jetty-9.3.19.v20170502
2018-10-26 05:44:30,917 INFO org.eclipse.jetty.server.handler.ContextHandler: Started o.e.j.s.ServletContextHandler@24111ef1{/logs,file:///usr/local/hadoop-3.1.1/logs/,AVAILABLE}
2018-10-26 05:44:30,918 INFO org.eclipse.jetty.server.handler.ContextHandler: Started o.e.j.s.ServletContextHandler@1fde5d22{/static,file:///usr/local/hadoop-3.1.1/share/hadoop/hdfs/webapps/static/,AVAILABLE}
2018-10-26 05:44:31,245 INFO org.eclipse.jetty.server.handler.ContextHandler: Started o.e.j.w.WebAppContext@34cdeda2{/,file:///usr/local/hadoop-3.1.1/share/hadoop/hdfs/webapps/secondary/,AVAILABLE}{/secondary}
2018-10-26 05:44:31,294 INFO org.eclipse.jetty.server.AbstractConnector: Started ServerConnector@447a020{HTTP/1.1,[http/1.1]}{0.0.0.0:9868}
2018-10-26 05:44:31,294 INFO org.eclipse.jetty.server.Server: Started @12502ms
2018-10-26 05:44:31,294 INFO org.apache.hadoop.hdfs.server.namenode.SecondaryNameNode: Web server init done
2018-10-26 05:45:32,552 INFO org.apache.hadoop.hdfs.server.namenode.SecondaryNameNode: Image has changed. Downloading updated image from NN.
2018-10-26 05:45:32,559 INFO org.apache.hadoop.hdfs.server.namenode.TransferFsImage: Opening connection to http://manager:9870/imagetransfer?getimage=1&txid=790&storageInfo=-64:1668872345:1540456686444:CID-d4ae2fc3-78d3-4c10-89ca-53001210c5b3&bootstrapstandby=false
2018-10-26 05:45:32,971 INFO org.apache.hadoop.hdfs.server.common.Util: Combined time for file download and fsync to all disks took 0.03s. The file download took 0.03s at 200.00 KB/s. Synchronous (fsync) write to disk of /tmp/hadoop-root/dfs/namesecondary/current/fsimage.ckpt_0000000000000000790 took 0.00s.
2018-10-26 05:45:32,973 INFO org.apache.hadoop.hdfs.server.namenode.TransferFsImage: Downloaded file fsimage.ckpt_0000000000000000790 size 6809 bytes.
2018-10-26 05:45:33,030 INFO org.apache.hadoop.hdfs.server.namenode.TransferFsImage: Opening connection to http://manager:9870/imagetransfer?getedit=1&startTxId=791&endTxId=792&storageInfo=-64:1668872345:1540456686444:CID-d4ae2fc3-78d3-4c10-89ca-53001210c5b3
2018-10-26 05:45:33,042 INFO org.apache.hadoop.hdfs.server.common.Util: Combined time for file download and fsync to all disks took 0.00s. The file download took 0.00s at 0.00 KB/s. Synchronous (fsync) write to disk of /tmp/hadoop-root/dfs/namesecondary/current/edits_tmp_0000000000000000791-0000000000000000792_0000000000014053130 took 0.00s.
2018-10-26 05:45:33,042 INFO org.apache.hadoop.hdfs.server.namenode.TransferFsImage: Downloaded file edits_tmp_0000000000000000791-0000000000000000792_0000000000014053130 size 0 bytes.
2018-10-26 05:45:33,450 INFO org.apache.hadoop.hdfs.server.namenode.ErasureCodingPolicyManager: Enable the erasure coding policy RS-6-3-1024k
2018-10-26 05:45:33,453 INFO org.apache.hadoop.hdfs.server.namenode.FSImageFormatPBINode: Loading 68 INodes.
2018-10-26 05:45:33,627 INFO org.apache.hadoop.hdfs.server.namenode.FSImageFormatProtobuf: Loaded FSImage in 0 seconds.
2018-10-26 05:45:33,628 INFO org.apache.hadoop.hdfs.server.namenode.FSImage: Loaded image for txid 790 from /tmp/hadoop-root/dfs/namesecondary/current/fsimage_0000000000000000790
2018-10-26 05:45:33,628 INFO org.apache.hadoop.hdfs.server.namenode.NameCache: initialized with 0 entries 0 lookups
2018-10-26 05:45:33,641 INFO org.apache.hadoop.hdfs.server.namenode.Checkpointer: Checkpointer about to load edits from 1 stream(s).
2018-10-26 05:45:33,652 INFO org.apache.hadoop.hdfs.server.namenode.FSImage: Reading /tmp/hadoop-root/dfs/namesecondary/current/edits_0000000000000000791-0000000000000000792 expecting start txid #791
2018-10-26 05:45:33,652 INFO org.apache.hadoop.hdfs.server.namenode.FSImage: Start loading edits file /tmp/hadoop-root/dfs/namesecondary/current/edits_0000000000000000791-0000000000000000792 maxTxnsToRead = 9223372036854775807
2018-10-26 05:45:33,715 INFO org.apache.hadoop.hdfs.server.namenode.FSImage: Edits file /tmp/hadoop-root/dfs/namesecondary/current/edits_0000000000000000791-0000000000000000792 of size 42 edits # 2 loaded in 0 seconds
2018-10-26 05:45:33,723 INFO org.apache.hadoop.hdfs.server.namenode.FSImageFormatProtobuf: Saving image file /tmp/hadoop-root/dfs/namesecondary/current/fsimage.ckpt_0000000000000000792 using no compression
2018-10-26 05:45:33,939 INFO org.apache.hadoop.hdfs.server.namenode.FSImageFormatProtobuf: Image file /tmp/hadoop-root/dfs/namesecondary/current/fsimage.ckpt_0000000000000000792 of size 6809 bytes saved in 0 seconds .
2018-10-26 05:45:33,982 INFO org.apache.hadoop.hdfs.server.namenode.NNStorageRetentionManager: Going to retain 2 images with txid >= 790
2018-10-26 05:45:33,983 INFO org.apache.hadoop.hdfs.server.namenode.NNStorageRetentionManager: Purging old image FSImageFile(file=/tmp/hadoop-root/dfs/namesecondary/current/fsimage_0000000000000000646, cpktTxId=0000000000000000646)
2018-10-26 05:45:33,984 INFO org.apache.hadoop.hdfs.server.namenode.NNStorageRetentionManager: Purging old image FSImageFile(file=/tmp/hadoop-root/dfs/namesecondary/current/fsimage_0000000000000000000, cpktTxId=0000000000000000000)
2018-10-26 05:45:34,196 INFO org.apache.hadoop.hdfs.server.namenode.TransferFsImage: Image Transfer timeout configured to 60000 milliseconds
2018-10-26 05:45:34,197 INFO org.apache.hadoop.hdfs.server.namenode.TransferFsImage: Sending fileName: /tmp/hadoop-root/dfs/namesecondary/current/fsimage_0000000000000000792, fileSize: 6809. Sent total: 6809 bytes. Size of last segment intended to send: -1 bytes.
2018-10-26 05:45:34,354 INFO org.apache.hadoop.hdfs.server.namenode.TransferFsImage: Uploaded image with txid 792 to namenode at http://manager:9870 in 0.28 seconds
2018-10-26 05:45:34,355 WARN org.apache.hadoop.hdfs.server.namenode.SecondaryNameNode: Checkpoint done. New Image Size: 6809
2018-10-26 06:45:35,391 INFO org.apache.hadoop.hdfs.server.namenode.SecondaryNameNode: Image has not changed. Will not download image.
2018-10-26 06:45:35,393 INFO org.apache.hadoop.hdfs.server.namenode.TransferFsImage: Opening connection to http://manager:9870/imagetransfer?getedit=1&startTxId=793&endTxId=796&storageInfo=-64:1668872345:1540456686444:CID-d4ae2fc3-78d3-4c10-89ca-53001210c5b3
2018-10-26 06:45:35,465 INFO org.apache.hadoop.hdfs.server.common.Util: Combined time for file download and fsync to all disks took 0.00s. The file download took 0.00s at 0.00 KB/s. Synchronous (fsync) write to disk of /tmp/hadoop-root/dfs/namesecondary/current/edits_tmp_0000000000000000793-0000000000000000796_0000000000017655493 took 0.00s.
2018-10-26 06:45:35,466 INFO org.apache.hadoop.hdfs.server.namenode.TransferFsImage: Downloaded file edits_tmp_0000000000000000793-0000000000000000796_0000000000017655493 size 0 bytes.
2018-10-26 06:45:35,466 INFO org.apache.hadoop.hdfs.server.namenode.Checkpointer: Checkpointer about to load edits from 1 stream(s).
2018-10-26 06:45:35,466 INFO org.apache.hadoop.hdfs.server.namenode.FSImage: Reading /tmp/hadoop-root/dfs/namesecondary/current/edits_0000000000000000793-0000000000000000796 expecting start txid #793
2018-10-26 06:45:35,466 INFO org.apache.hadoop.hdfs.server.namenode.FSImage: Start loading edits file /tmp/hadoop-root/dfs/namesecondary/current/edits_0000000000000000793-0000000000000000796 maxTxnsToRead = 9223372036854775807
2018-10-26 06:45:35,680 INFO org.apache.hadoop.hdfs.server.namenode.FSImage: Edits file /tmp/hadoop-root/dfs/namesecondary/current/edits_0000000000000000793-0000000000000000796 of size 168 edits # 4 loaded in 0 seconds
2018-10-26 06:45:35,686 INFO org.apache.hadoop.hdfs.server.namenode.FSImageFormatProtobuf: Saving image file /tmp/hadoop-root/dfs/namesecondary/current/fsimage.ckpt_0000000000000000796 using no compression
2018-10-26 06:45:35,775 INFO org.apache.hadoop.hdfs.server.namenode.FSImageFormatProtobuf: Image file /tmp/hadoop-root/dfs/namesecondary/current/fsimage.ckpt_0000000000000000796 of size 6809 bytes saved in 0 seconds .
2018-10-26 06:45:35,801 INFO org.apache.hadoop.hdfs.server.namenode.NNStorageRetentionManager: Going to retain 2 images with txid >= 792
2018-10-26 06:45:35,801 INFO org.apache.hadoop.hdfs.server.namenode.NNStorageRetentionManager: Purging old image FSImageFile(file=/tmp/hadoop-root/dfs/namesecondary/current/fsimage_0000000000000000790, cpktTxId=0000000000000000790)
2018-10-26 06:45:35,966 INFO org.apache.hadoop.hdfs.server.namenode.TransferFsImage: Sending fileName: /tmp/hadoop-root/dfs/namesecondary/current/fsimage_0000000000000000796, fileSize: 6809. Sent total: 6809 bytes. Size of last segment intended to send: -1 bytes.
2018-10-26 06:45:36,175 INFO org.apache.hadoop.hdfs.server.namenode.TransferFsImage: Uploaded image with txid 796 to namenode at http://manager:9870 in 0.21 seconds
2018-10-26 06:45:36,176 WARN org.apache.hadoop.hdfs.server.namenode.SecondaryNameNode: Checkpoint done. New Image Size: 6809
2018-10-26 07:45:37,042 INFO org.apache.hadoop.hdfs.server.namenode.SecondaryNameNode: Image has not changed. Will not download image.
2018-10-26 07:45:37,042 INFO org.apache.hadoop.hdfs.server.namenode.TransferFsImage: Opening connection to http://manager:9870/imagetransfer?getedit=1&startTxId=797&endTxId=798&storageInfo=-64:1668872345:1540456686444:CID-d4ae2fc3-78d3-4c10-89ca-53001210c5b3
2018-10-26 07:45:37,139 INFO org.apache.hadoop.hdfs.server.common.Util: Combined time for file download and fsync to all disks took 0.00s. The file download took 0.00s at 0.00 KB/s. Synchronous (fsync) write to disk of /tmp/hadoop-root/dfs/namesecondary/current/edits_tmp_0000000000000000797-0000000000000000798_0000000000021257143 took 0.00s.
2018-10-26 07:45:37,139 INFO org.apache.hadoop.hdfs.server.namenode.TransferFsImage: Downloaded file edits_tmp_0000000000000000797-0000000000000000798_0000000000021257143 size 0 bytes.
2018-10-26 07:45:37,140 INFO org.apache.hadoop.hdfs.server.namenode.Checkpointer: Checkpointer about to load edits from 1 stream(s).
2018-10-26 07:45:37,140 INFO org.apache.hadoop.hdfs.server.namenode.FSImage: Reading /tmp/hadoop-root/dfs/namesecondary/current/edits_0000000000000000797-0000000000000000798 expecting start txid #797
2018-10-26 07:45:37,140 INFO org.apache.hadoop.hdfs.server.namenode.FSImage: Start loading edits file /tmp/hadoop-root/dfs/namesecondary/current/edits_0000000000000000797-0000000000000000798 maxTxnsToRead = 9223372036854775807
2018-10-26 07:45:37,140 INFO org.apache.hadoop.hdfs.server.namenode.FSImage: Edits file /tmp/hadoop-root/dfs/namesecondary/current/edits_0000000000000000797-0000000000000000798 of size 42 edits # 2 loaded in 0 seconds
2018-10-26 07:45:37,141 INFO org.apache.hadoop.hdfs.server.namenode.FSImageFormatProtobuf: Saving image file /tmp/hadoop-root/dfs/namesecondary/current/fsimage.ckpt_0000000000000000798 using no compression
2018-10-26 07:45:37,152 INFO org.apache.hadoop.hdfs.server.namenode.FSImageFormatProtobuf: Image file /tmp/hadoop-root/dfs/namesecondary/current/fsimage.ckpt_0000000000000000798 of size 6809 bytes saved in 0 seconds .
2018-10-26 07:45:37,180 INFO org.apache.hadoop.hdfs.server.namenode.NNStorageRetentionManager: Going to retain 2 images with txid >= 796
2018-10-26 07:45:37,180 INFO org.apache.hadoop.hdfs.server.namenode.NNStorageRetentionManager: Purging old image FSImageFile(file=/tmp/hadoop-root/dfs/namesecondary/current/fsimage_0000000000000000792, cpktTxId=0000000000000000792)
2018-10-26 07:45:37,202 INFO org.apache.hadoop.hdfs.server.namenode.TransferFsImage: Sending fileName: /tmp/hadoop-root/dfs/namesecondary/current/fsimage_0000000000000000798, fileSize: 6809. Sent total: 6809 bytes. Size of last segment intended to send: -1 bytes.
2018-10-26 07:45:37,306 INFO org.apache.hadoop.hdfs.server.namenode.TransferFsImage: Uploaded image with txid 798 to namenode at http://manager:9870 in 0.106 seconds
2018-10-26 07:45:37,307 WARN org.apache.hadoop.hdfs.server.namenode.SecondaryNameNode: Checkpoint done. New Image Size: 6809
2018-10-26 08:45:38,015 INFO org.apache.hadoop.hdfs.server.namenode.SecondaryNameNode: Image has not changed. Will not download image.
2018-10-26 08:45:38,016 INFO org.apache.hadoop.hdfs.server.namenode.TransferFsImage: Opening connection to http://manager:9870/imagetransfer?getedit=1&startTxId=799&endTxId=800&storageInfo=-64:1668872345:1540456686444:CID-d4ae2fc3-78d3-4c10-89ca-53001210c5b3
2018-10-26 08:45:38,050 INFO org.apache.hadoop.hdfs.server.common.Util: Combined time for file download and fsync to all disks took 0.00s. The file download took 0.00s at 0.00 KB/s. Synchronous (fsync) write to disk of /tmp/hadoop-root/dfs/namesecondary/current/edits_tmp_0000000000000000799-0000000000000000800_0000000000024858116 took 0.00s.
2018-10-26 08:45:38,051 INFO org.apache.hadoop.hdfs.server.namenode.TransferFsImage: Downloaded file edits_tmp_0000000000000000799-0000000000000000800_0000000000024858116 size 0 bytes.
2018-10-26 08:45:38,051 INFO org.apache.hadoop.hdfs.server.namenode.Checkpointer: Checkpointer about to load edits from 1 stream(s).
2018-10-26 08:45:38,051 INFO org.apache.hadoop.hdfs.server.namenode.FSImage: Reading /tmp/hadoop-root/dfs/namesecondary/current/edits_0000000000000000799-0000000000000000800 expecting start txid #799
2018-10-26 08:45:38,051 INFO org.apache.hadoop.hdfs.server.namenode.FSImage: Start loading edits file /tmp/hadoop-root/dfs/namesecondary/current/edits_0000000000000000799-0000000000000000800 maxTxnsToRead = 9223372036854775807
2018-10-26 08:45:38,052 INFO org.apache.hadoop.hdfs.server.namenode.FSImage: Edits file /tmp/hadoop-root/dfs/namesecondary/current/edits_0000000000000000799-0000000000000000800 of size 42 edits # 2 loaded in 0 seconds
2018-10-26 08:45:38,052 INFO org.apache.hadoop.hdfs.server.namenode.FSImageFormatProtobuf: Saving image file /tmp/hadoop-root/dfs/namesecondary/current/fsimage.ckpt_0000000000000000800 using no compression
2018-10-26 08:45:38,065 INFO org.apache.hadoop.hdfs.server.namenode.FSImageFormatProtobuf: Image file /tmp/hadoop-root/dfs/namesecondary/current/fsimage.ckpt_0000000000000000800 of size 6809 bytes saved in 0 seconds .
2018-10-26 08:45:38,106 INFO org.apache.hadoop.hdfs.server.namenode.NNStorageRetentionManager: Going to retain 2 images with txid >= 798
2018-10-26 08:45:38,106 INFO org.apache.hadoop.hdfs.server.namenode.NNStorageRetentionManager: Purging old image FSImageFile(file=/tmp/hadoop-root/dfs/namesecondary/current/fsimage_0000000000000000796, cpktTxId=0000000000000000796)
2018-10-26 08:45:38,140 INFO org.apache.hadoop.hdfs.server.namenode.TransferFsImage: Sending fileName: /tmp/hadoop-root/dfs/namesecondary/current/fsimage_0000000000000000800, fileSize: 6809. Sent total: 6809 bytes. Size of last segment intended to send: -1 bytes.
2018-10-26 08:45:38,378 INFO org.apache.hadoop.hdfs.server.namenode.TransferFsImage: Uploaded image with txid 800 to namenode at http://manager:9870 in 0.246 seconds
2018-10-26 08:45:38,378 WARN org.apache.hadoop.hdfs.server.namenode.SecondaryNameNode: Checkpoint done. New Image Size: 6809
2018-10-29 01:13:52,518 INFO org.apache.hadoop.hdfs.server.namenode.SecondaryNameNode: Image has not changed. Will not download image.
2018-10-29 01:13:52,526 INFO org.apache.hadoop.hdfs.server.namenode.TransferFsImage: Opening connection to http://manager:9870/imagetransfer?getedit=1&startTxId=801&endTxId=802&storageInfo=-64:1668872345:1540456686444:CID-d4ae2fc3-78d3-4c10-89ca-53001210c5b3
2018-10-29 01:13:52,600 INFO org.apache.hadoop.hdfs.server.common.Util: Combined time for file download and fsync to all disks took 0.00s. The file download took 0.00s at 0.00 KB/s. Synchronous (fsync) write to disk of /tmp/hadoop-root/dfs/namesecondary/current/edits_tmp_0000000000000000801-0000000000000000802_0000000000028459162 took 0.00s.
2018-10-29 01:13:52,600 INFO org.apache.hadoop.hdfs.server.namenode.TransferFsImage: Downloaded file edits_tmp_0000000000000000801-0000000000000000802_0000000000028459162 size 0 bytes.
2018-10-29 01:13:52,600 INFO org.apache.hadoop.hdfs.server.namenode.Checkpointer: Checkpointer about to load edits from 1 stream(s).
2018-10-29 01:13:52,600 INFO org.apache.hadoop.hdfs.server.namenode.FSImage: Reading /tmp/hadoop-root/dfs/namesecondary/current/edits_0000000000000000801-0000000000000000802 expecting start txid #801
2018-10-29 01:13:52,600 INFO org.apache.hadoop.hdfs.server.namenode.FSImage: Start loading edits file /tmp/hadoop-root/dfs/namesecondary/current/edits_0000000000000000801-0000000000000000802 maxTxnsToRead = 9223372036854775807
2018-10-29 01:13:52,601 INFO org.apache.hadoop.hdfs.server.namenode.FSImage: Edits file /tmp/hadoop-root/dfs/namesecondary/current/edits_0000000000000000801-0000000000000000802 of size 42 edits # 2 loaded in 0 seconds
2018-10-29 01:13:52,601 INFO org.apache.hadoop.hdfs.server.namenode.FSImageFormatProtobuf: Saving image file /tmp/hadoop-root/dfs/namesecondary/current/fsimage.ckpt_0000000000000000802 using no compression
2018-10-29 01:13:52,623 INFO org.apache.hadoop.hdfs.server.namenode.FSImageFormatProtobuf: Image file /tmp/hadoop-root/dfs/namesecondary/current/fsimage.ckpt_0000000000000000802 of size 6809 bytes saved in 0 seconds .
2018-10-29 01:13:52,659 INFO org.apache.hadoop.hdfs.server.namenode.NNStorageRetentionManager: Going to retain 2 images with txid >= 800
2018-10-29 01:13:52,660 INFO org.apache.hadoop.hdfs.server.namenode.NNStorageRetentionManager: Purging old image FSImageFile(file=/tmp/hadoop-root/dfs/namesecondary/current/fsimage_0000000000000000798, cpktTxId=0000000000000000798)
2018-10-29 01:13:52,700 INFO org.apache.hadoop.hdfs.server.namenode.TransferFsImage: Sending fileName: /tmp/hadoop-root/dfs/namesecondary/current/fsimage_0000000000000000802, fileSize: 6809. Sent total: 6809 bytes. Size of last segment intended to send: -1 bytes.
2018-10-29 01:13:52,767 INFO org.apache.hadoop.hdfs.server.namenode.TransferFsImage: Uploaded image with txid 802 to namenode at http://manager:9870 in 0.068 seconds
2018-10-29 01:13:52,767 WARN org.apache.hadoop.hdfs.server.namenode.SecondaryNameNode: Checkpoint done. New Image Size: 6809
